#
# There is insufficient memory for the Java Runtime Environment to continue.
# Native memory allocation (malloc) failed to allocate 326096 bytes for Chunk::new
# Possible reasons:
#   The system is out of physical RAM or swap space
#   The process is running with CompressedOops enabled, and the Java Heap may be blocking the growth of the native heap
# Possible solutions:
#   Reduce memory load on the system
#   Increase physical memory or swap space
#   Check if swap backing store is full
#   Decrease Java heap size (-Xmx/-Xms)
#   Decrease number of Java threads
#   Decrease Java thread stack sizes (-Xss)
#   Set larger code cache with -XX:ReservedCodeCacheSize=
#   JVM is running with Unscaled Compressed Oops mode in which the Java heap is
#     placed in the first 4GB address space. The Java Heap base address is the
#     maximum limit for the native heap growth. Please use -XX:HeapBaseMinAddress
#     to set the Java Heap base and to place the Java Heap above 4GB virtual address.
# This output file may be truncated or incomplete.
#
#  Out of Memory Error (arena.cpp:168), pid=7944, tid=18976
#
# JRE version: Java(TM) SE Runtime Environment (21.0.2+13) (build 21.0.2+13-LTS-58)
# Java VM: Java HotSpot(TM) 64-Bit Server VM (21.0.2+13-LTS-58, mixed mode, sharing, tiered, compressed oops, compressed class ptrs, g1 gc, windows-amd64)
# No core dump will be written. Minidumps are not enabled by default on client versions of Windows
#

---------------  S U M M A R Y ------------

Command Line: --add-opens=java.base/java.util=ALL-UNNAMED --add-opens=java.base/java.lang=ALL-UNNAMED --add-opens=java.base/java.lang.invoke=ALL-UNNAMED --add-opens=java.prefs/java.util.prefs=ALL-UNNAMED --add-opens=java.base/java.nio.charset=ALL-UNNAMED --add-opens=java.base/java.net=ALL-UNNAMED --add-opens=java.base/java.util.concurrent.atomic=ALL-UNNAMED -Xmx2048m -Dfile.encoding=UTF-8 -Duser.country=US -Duser.language=en -Duser.variant -javaagent:C:\Users\nadun\.gradle\wrapper\dists\gradle-8.7-bin\bhs2wmbdwecv87pi65oeuq5iu\gradle-8.7\lib\agents\gradle-instrumentation-agent-8.7.jar org.gradle.launcher.daemon.bootstrap.GradleDaemon 8.7

Host: AMD Ryzen 7 4800H with Radeon Graphics         , 16 cores, 15G,  Windows 11 , 64 bit Build 22621 (10.0.22621.3958)
Time: Fri Oct  4 00:22:30 2024 Sri Lanka Standard Time elapsed time: 12.094384 seconds (0d 0h 0m 12s)

---------------  T H R E A D  ---------------

Current thread (0x00000224c0515cc0):  JavaThread "C2 CompilerThread4" daemon [_thread_in_native, id=18976, stack(0x000000472bb00000,0x000000472bc00000) (1024K)]


Current CompileTask:
C2:  12094 14034       4       com.android.resources.ResourceType$$Lambda/0x00000224c2eb9f00::apply (8 bytes)

Stack: [0x000000472bb00000,0x000000472bc00000]
Native frames: (J=compiled Java code, j=interpreted, Vv=VM code, C=native code)
V  [jvm.dll+0x6cade9]
V  [jvm.dll+0x8569c1]
V  [jvm.dll+0x858d2e]
V  [jvm.dll+0x859413]
V  [jvm.dll+0x280e56]
V  [jvm.dll+0xc3f3d]
V  [jvm.dll+0xc4473]
V  [jvm.dll+0x2f437f]
V  [jvm.dll+0x5f5056]
V  [jvm.dll+0x252d7f]
V  [jvm.dll+0x24b6d6]
V  [jvm.dll+0x2490a3]
V  [jvm.dll+0x1c9634]
V  [jvm.dll+0x258859]
V  [jvm.dll+0x256e3a]
V  [jvm.dll+0x3ef6c6]
V  [jvm.dll+0x7ff568]
V  [jvm.dll+0x6c953d]
C  [ucrtbase.dll+0x29333]
C  [KERNEL32.DLL+0x1257d]
C  [ntdll.dll+0x5af28]


---------------  P R O C E S S  ---------------

Threads class SMR info:
_java_thread_list=0x000002250d059890, length=128, elements={
0x00000224a2dfa620, 0x00000224c03ac2b0, 0x00000224c03acf70, 0x00000224c03af0d0,
0x00000224c03b1fb0, 0x00000224c03b4fb0, 0x00000224c03b7a20, 0x00000224c03ba630,
0x00000224c03c6800, 0x00000224c050fec0, 0x00000224c0514850, 0x00000224c0516390,
0x00000224c0684c70, 0x00000224c05155f0, 0x000002250775d520, 0x00000225074a3210,
0x00000225070b7130, 0x00000225078db800, 0x00000225078dc820, 0x000002250762d6a0,
0x00000225079b8150, 0x0000022507b79000, 0x0000022507b77c50, 0x0000022507b79d20,
0x0000022507b78970, 0x0000022507b7aa40, 0x0000022507b7a3b0, 0x0000022507b7b0d0,
0x000002250c436210, 0x000002250c4382e0, 0x000002250c4354f0, 0x000002250c4368a0,
0x000002250c43a3b0, 0x000002250c435b80, 0x000002250c43b760, 0x000002250c434e60,
0x000002250c439690, 0x000002250c439d20, 0x000002250cc4bd10, 0x000002250cc49c40,
0x000002250cc46e50, 0x000002250cc4a2d0, 0x000002250cc48200, 0x000002250cc4a960,
0x000002250cc4ca30, 0x000002250cc48890, 0x000002250cc474e0, 0x000002250cc47b70,
0x000002250cc45aa0, 0x000002250cc48f20, 0x000002250cc495b0, 0x000002250cc4c3a0,
0x000002250cc467c0, 0x000002250cc4aff0, 0x000002250cc4b680, 0x000002250cc4d0c0,
0x000002250c862530, 0x000002250c863250, 0x000002250c862bc0, 0x000002250c85fdd0,
0x000002250c865320, 0x000002250c8638e0, 0x000002250c8666d0, 0x000002250c861810,
0x000002250c861ea0, 0x000002250c85f740, 0x000002250c860af0, 0x000002250c8659b0,
0x0000022508d4f020, 0x0000022508d4fdc0, 0x0000022508d51900, 0x000002250648df30,
0x000002250648e5c0, 0x000002250d808a50, 0x000002250d8090e0, 0x000002250d807010,
0x000002250d807d30, 0x000002250d8083c0, 0x0000022509cc2c60, 0x0000022509cc1f40,
0x0000022509cc32f0, 0x0000022509cc7b20, 0x0000022509cc81b0, 0x0000022509cc7490,
0x0000022509cc6e00, 0x0000022509cc60e0, 0x0000022509cc5a50, 0x0000022509cc8840,
0x0000022509cc18b0, 0x0000022509cc8ed0, 0x0000022509cc6770, 0x0000022509cc3980,
0x0000022509cc4010, 0x0000022509cc46a0, 0x0000022509cc4d30, 0x0000022509cc53c0,
0x000002250bf6d040, 0x000002250bf6f110, 0x000002250bf6d6d0, 0x000002250bf6e3f0,
0x000002250bf704c0, 0x000002250bf71f00, 0x000002250bf6ea80, 0x000002250bf72590,
0x000002250bf70b50, 0x00000224c0515cc0, 0x00000224c0516a60, 0x000002250bf71870,
0x000002250bf73fd0, 0x000002250bf6dd60, 0x000002250bf6f7a0, 0x000002250bf72c20,
0x000002250bf732b0, 0x000002250648ec50, 0x000002250648b140, 0x00000225064889e0,
0x0000022506489d90, 0x000002250648a420, 0x000002250d8076a0, 0x000002250d809770,
0x000002250d8062f0, 0x000002250d806980, 0x0000022507b79690, 0x000002250c860460,
0x000002250af77750, 0x000002250af76a30, 0x00000224c0513ab0, 0x00000224c0514180
}

Java Threads: ( => current thread )
  0x00000224a2dfa620 JavaThread "main"                              [_thread_blocked, id=31972, stack(0x0000004723d00000,0x0000004723e00000) (1024K)]
  0x00000224c03ac2b0 JavaThread "Reference Handler"          daemon [_thread_blocked, id=36128, stack(0x0000004724500000,0x0000004724600000) (1024K)]
  0x00000224c03acf70 JavaThread "Finalizer"                  daemon [_thread_blocked, id=13888, stack(0x0000004724600000,0x0000004724700000) (1024K)]
  0x00000224c03af0d0 JavaThread "Signal Dispatcher"          daemon [_thread_blocked, id=11372, stack(0x0000004724700000,0x0000004724800000) (1024K)]
  0x00000224c03b1fb0 JavaThread "Attach Listener"            daemon [_thread_blocked, id=12184, stack(0x0000004724800000,0x0000004724900000) (1024K)]
  0x00000224c03b4fb0 JavaThread "Service Thread"             daemon [_thread_blocked, id=2188, stack(0x0000004724900000,0x0000004724a00000) (1024K)]
  0x00000224c03b7a20 JavaThread "Monitor Deflation Thread"   daemon [_thread_blocked, id=32976, stack(0x0000004724a00000,0x0000004724b00000) (1024K)]
  0x00000224c03ba630 JavaThread "C2 CompilerThread0"         daemon [_thread_in_native, id=14860, stack(0x0000004724b00000,0x0000004724c00000) (1024K)]
  0x00000224c03c6800 JavaThread "C1 CompilerThread0"         daemon [_thread_blocked, id=13372, stack(0x0000004724c00000,0x0000004724d00000) (1024K)]
  0x00000224c050fec0 JavaThread "Common-Cleaner"             daemon [_thread_blocked, id=31252, stack(0x0000004724d00000,0x0000004724e00000) (1024K)]
  0x00000224c0514850 JavaThread "C1 CompilerThread1"         daemon [_thread_in_native, id=10776, stack(0x0000004724e00000,0x0000004724f00000) (1024K)]
  0x00000224c0516390 JavaThread "C1 CompilerThread2"         daemon [_thread_blocked, id=15780, stack(0x0000004724f00000,0x0000004725000000) (1024K)]
  0x00000224c0684c70 JavaThread "Notification Thread"        daemon [_thread_blocked, id=34772, stack(0x0000004725000000,0x0000004725100000) (1024K)]
  0x00000224c05155f0 JavaThread "C1 CompilerThread3"         daemon [_thread_blocked, id=4984, stack(0x0000004725300000,0x0000004725400000) (1024K)]
  0x000002250775d520 JavaThread "Daemon health stats"               [_thread_blocked, id=32000, stack(0x0000004725800000,0x0000004725900000) (1024K)]
  0x00000225074a3210 JavaThread "Incoming local TCP Connector on port 59023"        [_thread_in_native, id=29316, stack(0x0000004725900000,0x0000004725a00000) (1024K)]
  0x00000225070b7130 JavaThread "Daemon periodic checks"            [_thread_blocked, id=9184, stack(0x0000004725a00000,0x0000004725b00000) (1024K)]
  0x00000225078db800 JavaThread "Daemon"                            [_thread_blocked, id=15236, stack(0x0000004725b00000,0x0000004725c00000) (1024K)]
  0x00000225078dc820 JavaThread "Handler for socket connection from /127.0.0.1:59023 to /127.0.0.1:59024"        [_thread_in_native, id=25652, stack(0x0000004725c00000,0x0000004725d00000) (1024K)]
  0x000002250762d6a0 JavaThread "Cancel handler"                    [_thread_blocked, id=7240, stack(0x0000004725d00000,0x0000004725e00000) (1024K)]
  0x00000225079b8150 JavaThread "Daemon worker"                     [_thread_blocked, id=34928, stack(0x0000004725e00000,0x0000004725f00000) (1024K)]
  0x0000022507b79000 JavaThread "Asynchronous log dispatcher for DefaultDaemonConnection: socket connection from /127.0.0.1:59023 to /127.0.0.1:59024"        [_thread_blocked, id=20832, stack(0x0000004725f00000,0x0000004726000000) (1024K)]
  0x0000022507b77c50 JavaThread "Stdin handler"                     [_thread_blocked, id=24972, stack(0x0000004726000000,0x0000004726100000) (1024K)]
  0x0000022507b79d20 JavaThread "Daemon client event forwarder"        [_thread_blocked, id=10480, stack(0x0000004726100000,0x0000004726200000) (1024K)]
  0x0000022507b78970 JavaThread "Cache worker for journal cache (C:\Users\nadun\.gradle\caches\journal-1)"        [_thread_blocked, id=3696, stack(0x0000004726200000,0x0000004726300000) (1024K)]
  0x0000022507b7aa40 JavaThread "File lock request listener"        [_thread_in_native, id=29592, stack(0x0000004726300000,0x0000004726400000) (1024K)]
  0x0000022507b7a3b0 JavaThread "Cache worker for file hash cache (C:\Users\nadun\.gradle\caches\8.7\fileHashes)"        [_thread_blocked, id=19684, stack(0x0000004726400000,0x0000004726500000) (1024K)]
  0x0000022507b7b0d0 JavaThread "Cache worker for file hash cache (C:\Users\nadun\OneDrive\Desktop\mobilebw\EliteWareMobile\.gradle\8.7\fileHashes)"        [_thread_blocked, id=2568, stack(0x0000004726600000,0x0000004726700000) (1024K)]
  0x000002250c436210 JavaThread "File watcher server"        daemon [_thread_in_native, id=11824, stack(0x0000004727100000,0x0000004727200000) (1024K)]
  0x000002250c4382e0 JavaThread "File watcher consumer"      daemon [_thread_blocked, id=2740, stack(0x0000004727200000,0x0000004727300000) (1024K)]
  0x000002250c4354f0 JavaThread "Cache worker for checksums cache (C:\Users\nadun\OneDrive\Desktop\mobilebw\EliteWareMobile\.gradle\8.7\checksums)"        [_thread_blocked, id=3784, stack(0x0000004727300000,0x0000004727400000) (1024K)]
  0x000002250c4368a0 JavaThread "Cache worker for cache directory md-supplier (C:\Users\nadun\.gradle\caches\8.7\md-supplier)"        [_thread_blocked, id=36228, stack(0x0000004727400000,0x0000004727500000) (1024K)]
  0x000002250c43a3b0 JavaThread "Cache worker for cache directory md-rule (C:\Users\nadun\.gradle\caches\8.7\md-rule)"        [_thread_blocked, id=31440, stack(0x0000004727500000,0x0000004727600000) (1024K)]
  0x000002250c435b80 JavaThread "Cache worker for file content cache (C:\Users\nadun\.gradle\caches\8.7\fileContent)"        [_thread_blocked, id=27600, stack(0x0000004727600000,0x0000004727700000) (1024K)]
  0x000002250c43b760 JavaThread "Cache worker for Build Output Cleanup Cache (C:\Users\nadun\OneDrive\Desktop\mobilebw\EliteWareMobile\.gradle\buildOutputCleanup)"        [_thread_blocked, id=4884, stack(0x0000004727800000,0x0000004727900000) (1024K)]
  0x000002250c434e60 JavaThread "Unconstrained build operations"        [_thread_blocked, id=2424, stack(0x0000004727900000,0x0000004727a00000) (1024K)]
  0x000002250c439690 JavaThread "Unconstrained build operations Thread 2"        [_thread_blocked, id=17260, stack(0x0000004727a00000,0x0000004727b00000) (1024K)]
  0x000002250c439d20 JavaThread "Unconstrained build operations Thread 3"        [_thread_blocked, id=7116, stack(0x0000004727b00000,0x0000004727c00000) (1024K)]
  0x000002250cc4bd10 JavaThread "Unconstrained build operations Thread 4"        [_thread_blocked, id=588, stack(0x0000004727c00000,0x0000004727d00000) (1024K)]
  0x000002250cc49c40 JavaThread "Unconstrained build operations Thread 5"        [_thread_blocked, id=25096, stack(0x0000004727d00000,0x0000004727e00000) (1024K)]
  0x000002250cc46e50 JavaThread "Unconstrained build operations Thread 6"        [_thread_blocked, id=20908, stack(0x0000004727e00000,0x0000004727f00000) (1024K)]
  0x000002250cc4a2d0 JavaThread "Unconstrained build operations Thread 7"        [_thread_blocked, id=3480, stack(0x0000004727f00000,0x0000004728000000) (1024K)]
  0x000002250cc48200 JavaThread "Unconstrained build operations Thread 8"        [_thread_blocked, id=15840, stack(0x0000004728000000,0x0000004728100000) (1024K)]
  0x000002250cc4a960 JavaThread "Unconstrained build operations Thread 9"        [_thread_blocked, id=24824, stack(0x0000004728100000,0x0000004728200000) (1024K)]
  0x000002250cc4ca30 JavaThread "Unconstrained build operations Thread 10"        [_thread_blocked, id=31080, stack(0x0000004728200000,0x0000004728300000) (1024K)]
  0x000002250cc48890 JavaThread "Unconstrained build operations Thread 11"        [_thread_blocked, id=29452, stack(0x0000004728300000,0x0000004728400000) (1024K)]
  0x000002250cc474e0 JavaThread "Unconstrained build operations Thread 12"        [_thread_blocked, id=31248, stack(0x0000004728400000,0x0000004728500000) (1024K)]
  0x000002250cc47b70 JavaThread "Unconstrained build operations Thread 13"        [_thread_blocked, id=35448, stack(0x0000004728500000,0x0000004728600000) (1024K)]
  0x000002250cc45aa0 JavaThread "Unconstrained build operations Thread 14"        [_thread_blocked, id=12144, stack(0x0000004728600000,0x0000004728700000) (1024K)]
  0x000002250cc48f20 JavaThread "Unconstrained build operations Thread 15"        [_thread_blocked, id=34940, stack(0x0000004728700000,0x0000004728800000) (1024K)]
  0x000002250cc495b0 JavaThread "Unconstrained build operations Thread 16"        [_thread_blocked, id=26564, stack(0x0000004728800000,0x0000004728900000) (1024K)]
  0x000002250cc4c3a0 JavaThread "Unconstrained build operations Thread 17"        [_thread_blocked, id=18244, stack(0x0000004728900000,0x0000004728a00000) (1024K)]
  0x000002250cc467c0 JavaThread "Unconstrained build operations Thread 18"        [_thread_blocked, id=16412, stack(0x0000004728a00000,0x0000004728b00000) (1024K)]
  0x000002250cc4aff0 JavaThread "Unconstrained build operations Thread 19"        [_thread_blocked, id=25308, stack(0x0000004728b00000,0x0000004728c00000) (1024K)]
  0x000002250cc4b680 JavaThread "Unconstrained build operations Thread 20"        [_thread_blocked, id=35908, stack(0x0000004728c00000,0x0000004728d00000) (1024K)]
  0x000002250cc4d0c0 JavaThread "Unconstrained build operations Thread 21"        [_thread_blocked, id=11748, stack(0x0000004728d00000,0x0000004728e00000) (1024K)]
  0x000002250c862530 JavaThread "Unconstrained build operations Thread 22"        [_thread_blocked, id=25320, stack(0x0000004728e00000,0x0000004728f00000) (1024K)]
  0x000002250c863250 JavaThread "Unconstrained build operations Thread 23"        [_thread_blocked, id=6312, stack(0x0000004728f00000,0x0000004729000000) (1024K)]
  0x000002250c862bc0 JavaThread "Unconstrained build operations Thread 24"        [_thread_blocked, id=15180, stack(0x0000004729000000,0x0000004729100000) (1024K)]
  0x000002250c85fdd0 JavaThread "Unconstrained build operations Thread 25"        [_thread_blocked, id=21392, stack(0x0000004729100000,0x0000004729200000) (1024K)]
  0x000002250c865320 JavaThread "Unconstrained build operations Thread 26"        [_thread_blocked, id=13228, stack(0x0000004729200000,0x0000004729300000) (1024K)]
  0x000002250c8638e0 JavaThread "Unconstrained build operations Thread 27"        [_thread_blocked, id=18856, stack(0x0000004729300000,0x0000004729400000) (1024K)]
  0x000002250c8666d0 JavaThread "Unconstrained build operations Thread 28"        [_thread_blocked, id=9636, stack(0x0000004729400000,0x0000004729500000) (1024K)]
  0x000002250c861810 JavaThread "Unconstrained build operations Thread 29"        [_thread_blocked, id=11176, stack(0x0000004729500000,0x0000004729600000) (1024K)]
  0x000002250c861ea0 JavaThread "Unconstrained build operations Thread 30"        [_thread_blocked, id=27504, stack(0x0000004729600000,0x0000004729700000) (1024K)]
  0x000002250c85f740 JavaThread "build event listener"              [_thread_blocked, id=20448, stack(0x0000004727700000,0x0000004727800000) (1024K)]
  0x000002250c860af0 JavaThread "Memory manager"                    [_thread_blocked, id=1868, stack(0x0000004729700000,0x0000004729800000) (1024K)]
  0x000002250c8659b0 JavaThread "build event listener"              [_thread_blocked, id=30560, stack(0x0000004729800000,0x0000004729900000) (1024K)]
  0x0000022508d4f020 JavaThread "C2 CompilerThread1"         daemon [_thread_in_native, id=16336, stack(0x0000004725100000,0x0000004725200000) (1024K)]
  0x0000022508d4fdc0 JavaThread "C2 CompilerThread2"         daemon [_thread_in_native, id=7804, stack(0x0000004725200000,0x0000004725300000) (1024K)]
  0x0000022508d51900 JavaThread "C2 CompilerThread3"         daemon [_thread_in_native, id=22496, stack(0x0000004726500000,0x0000004726600000) (1024K)]
  0x000002250648df30 JavaThread "pool-3-thread-1"                   [_thread_blocked, id=24192, stack(0x0000004729900000,0x0000004729a00000) (1024K)]
  0x000002250648e5c0 JavaThread "build event listener"              [_thread_blocked, id=10092, stack(0x0000004729a00000,0x0000004729b00000) (1024K)]
  0x000002250d808a50 JavaThread "included builds"                   [_thread_blocked, id=19472, stack(0x0000004729b00000,0x0000004729c00000) (1024K)]
  0x000002250d8090e0 JavaThread "Execution worker"                  [_thread_in_vm, id=22264, stack(0x0000004729c00000,0x0000004729d00000) (1024K)]
  0x000002250d807010 JavaThread "Execution worker Thread 2"         [_thread_blocked, id=12904, stack(0x0000004729d00000,0x0000004729e00000) (1024K)]
  0x000002250d807d30 JavaThread "Execution worker Thread 3"         [_thread_blocked, id=18752, stack(0x0000004729e00000,0x0000004729f00000) (1024K)]
  0x000002250d8083c0 JavaThread "Execution worker Thread 4"         [_thread_blocked, id=36856, stack(0x0000004729f00000,0x000000472a000000) (1024K)]
  0x0000022509cc2c60 JavaThread "Execution worker Thread 5"         [_thread_blocked, id=13552, stack(0x000000472a000000,0x000000472a100000) (1024K)]
  0x0000022509cc1f40 JavaThread "Execution worker Thread 6"         [_thread_blocked, id=4932, stack(0x000000472a100000,0x000000472a200000) (1024K)]
  0x0000022509cc32f0 JavaThread "Execution worker Thread 7"         [_thread_blocked, id=27544, stack(0x000000472a200000,0x000000472a300000) (1024K)]
  0x0000022509cc7b20 JavaThread "Execution worker Thread 8"         [_thread_blocked, id=7332, stack(0x000000472a300000,0x000000472a400000) (1024K)]
  0x0000022509cc81b0 JavaThread "Execution worker Thread 9"         [_thread_blocked, id=12068, stack(0x000000472a400000,0x000000472a500000) (1024K)]
  0x0000022509cc7490 JavaThread "Execution worker Thread 10"        [_thread_blocked, id=12588, stack(0x000000472a500000,0x000000472a600000) (1024K)]
  0x0000022509cc6e00 JavaThread "Execution worker Thread 11"        [_thread_blocked, id=20396, stack(0x000000472a600000,0x000000472a700000) (1024K)]
  0x0000022509cc60e0 JavaThread "Execution worker Thread 12"        [_thread_blocked, id=8284, stack(0x000000472a700000,0x000000472a800000) (1024K)]
  0x0000022509cc5a50 JavaThread "Execution worker Thread 13"        [_thread_blocked, id=14308, stack(0x000000472a800000,0x000000472a900000) (1024K)]
  0x0000022509cc8840 JavaThread "Execution worker Thread 14"        [_thread_blocked, id=21276, stack(0x000000472a900000,0x000000472aa00000) (1024K)]
  0x0000022509cc18b0 JavaThread "Execution worker Thread 15"        [_thread_blocked, id=20040, stack(0x000000472aa00000,0x000000472ab00000) (1024K)]
  0x0000022509cc8ed0 JavaThread "Cache worker for execution history cache (C:\Users\nadun\OneDrive\Desktop\mobilebw\EliteWareMobile\.gradle\8.7\executionHistory)"        [_thread_blocked, id=27764, stack(0x000000472ab00000,0x000000472ac00000) (1024K)]
  0x0000022509cc6770 JavaThread "Unconstrained build operations Thread 31"        [_thread_blocked, id=17704, stack(0x000000472ac00000,0x000000472ad00000) (1024K)]
  0x0000022509cc3980 JavaThread "Unconstrained build operations Thread 32"        [_thread_blocked, id=35108, stack(0x000000472ad00000,0x000000472ae00000) (1024K)]
  0x0000022509cc4010 JavaThread "Unconstrained build operations Thread 33"        [_thread_blocked, id=10628, stack(0x000000472ae00000,0x000000472af00000) (1024K)]
  0x0000022509cc46a0 JavaThread "Unconstrained build operations Thread 34"        [_thread_blocked, id=2988, stack(0x000000472af00000,0x000000472b000000) (1024K)]
  0x0000022509cc4d30 JavaThread "Unconstrained build operations Thread 35"        [_thread_blocked, id=25500, stack(0x000000472b000000,0x000000472b100000) (1024K)]
  0x0000022509cc53c0 JavaThread "Unconstrained build operations Thread 36"        [_thread_blocked, id=30472, stack(0x000000472b100000,0x000000472b200000) (1024K)]
  0x000002250bf6d040 JavaThread "Unconstrained build operations Thread 37"        [_thread_blocked, id=25684, stack(0x000000472b200000,0x000000472b300000) (1024K)]
  0x000002250bf6f110 JavaThread "Unconstrained build operations Thread 38"        [_thread_blocked, id=10932, stack(0x000000472b300000,0x000000472b400000) (1024K)]
  0x000002250bf6d6d0 JavaThread "Unconstrained build operations Thread 39"        [_thread_blocked, id=8692, stack(0x000000472b400000,0x000000472b500000) (1024K)]
  0x000002250bf6e3f0 JavaThread "Unconstrained build operations Thread 40"        [_thread_blocked, id=2324, stack(0x000000472b500000,0x000000472b600000) (1024K)]
  0x000002250bf704c0 JavaThread "Unconstrained build operations Thread 41"        [_thread_blocked, id=15192, stack(0x000000472b600000,0x000000472b700000) (1024K)]
  0x000002250bf71f00 JavaThread "Unconstrained build operations Thread 42"        [_thread_blocked, id=35544, stack(0x000000472b700000,0x000000472b800000) (1024K)]
  0x000002250bf6ea80 JavaThread "Unconstrained build operations Thread 43"        [_thread_blocked, id=17572, stack(0x000000472b800000,0x000000472b900000) (1024K)]
  0x000002250bf72590 JavaThread "Unconstrained build operations Thread 44"        [_thread_blocked, id=13084, stack(0x000000472b900000,0x000000472ba00000) (1024K)]
  0x000002250bf70b50 JavaThread "Unconstrained build operations Thread 45"        [_thread_blocked, id=17620, stack(0x000000472ba00000,0x000000472bb00000) (1024K)]
=>0x00000224c0515cc0 JavaThread "C2 CompilerThread4"         daemon [_thread_in_native, id=18976, stack(0x000000472bb00000,0x000000472bc00000) (1024K)]
  0x00000224c0516a60 JavaThread "C2 CompilerThread5"         daemon [_thread_in_native, id=25392, stack(0x000000472bc00000,0x000000472bd00000) (1024K)]
  0x000002250bf71870 JavaThread "Unconstrained build operations Thread 46"        [_thread_blocked, id=13276, stack(0x000000472bd00000,0x000000472be00000) (1024K)]
  0x000002250bf73fd0 JavaThread "Unconstrained build operations Thread 47"        [_thread_blocked, id=33720, stack(0x000000472be00000,0x000000472bf00000) (1024K)]
  0x000002250bf6dd60 JavaThread "Unconstrained build operations Thread 48"        [_thread_blocked, id=26972, stack(0x000000472bf00000,0x000000472c000000) (1024K)]
  0x000002250bf6f7a0 JavaThread "Unconstrained build operations Thread 49"        [_thread_blocked, id=17668, stack(0x000000472c000000,0x000000472c100000) (1024K)]
  0x000002250bf72c20 JavaThread "Unconstrained build operations Thread 50"        [_thread_blocked, id=13332, stack(0x000000472c100000,0x000000472c200000) (1024K)]
  0x000002250bf732b0 JavaThread "Unconstrained build operations Thread 51"        [_thread_blocked, id=6344, stack(0x000000472c200000,0x000000472c300000) (1024K)]
  0x000002250648ec50 JavaThread "Unconstrained build operations Thread 52"        [_thread_blocked, id=22616, stack(0x000000472c300000,0x000000472c400000) (1024K)]
  0x000002250648b140 JavaThread "Unconstrained build operations Thread 53"        [_thread_blocked, id=31124, stack(0x000000472c400000,0x000000472c500000) (1024K)]
  0x00000225064889e0 JavaThread "Unconstrained build operations Thread 54"        [_thread_blocked, id=7868, stack(0x000000472c500000,0x000000472c600000) (1024K)]
  0x0000022506489d90 JavaThread "Unconstrained build operations Thread 55"        [_thread_blocked, id=16636, stack(0x000000472c600000,0x000000472c700000) (1024K)]
  0x000002250648a420 JavaThread "Unconstrained build operations Thread 56"        [_thread_blocked, id=12212, stack(0x000000472c700000,0x000000472c800000) (1024K)]
  0x000002250d8076a0 JavaThread "Unconstrained build operations Thread 57"        [_thread_blocked, id=26228, stack(0x000000472c800000,0x000000472c900000) (1024K)]
  0x000002250d809770 JavaThread "Unconstrained build operations Thread 58"        [_thread_blocked, id=13072, stack(0x000000472c900000,0x000000472ca00000) (1024K)]
  0x000002250d8062f0 JavaThread "Unconstrained build operations Thread 59"        [_thread_blocked, id=6352, stack(0x000000472ca00000,0x000000472cb00000) (1024K)]
  0x000002250d806980 JavaThread "Unconstrained build operations Thread 60"        [_thread_blocked, id=17740, stack(0x000000472cb00000,0x000000472cc00000) (1024K)]
  0x0000022507b79690 JavaThread "Unconstrained build operations Thread 61"        [_thread_blocked, id=20956, stack(0x000000472cc00000,0x000000472cd00000) (1024K)]
  0x000002250c860460 JavaThread "Unconstrained build operations Thread 62"        [_thread_blocked, id=16660, stack(0x000000472cd00000,0x000000472ce00000) (1024K)]
  0x000002250af77750 JavaThread "Unconstrained build operations Thread 63"        [_thread_blocked, id=25872, stack(0x000000472ce00000,0x000000472cf00000) (1024K)]
  0x000002250af76a30 JavaThread "Unconstrained build operations Thread 64"        [_thread_blocked, id=15096, stack(0x000000472cf00000,0x000000472d000000) (1024K)]
  0x00000224c0513ab0 JavaThread "C2 CompilerThread6"         daemon [_thread_in_native, id=16568, stack(0x000000472d000000,0x000000472d100000) (1024K)]
  0x00000224c0514180 JavaThread "C2 CompilerThread7"         daemon [_thread_in_native, id=33028, stack(0x000000472d100000,0x000000472d200000) (1024K)]
Total: 128

Other Threads:
  0x00000224c03900c0 VMThread "VM Thread"                           [id=2436, stack(0x0000004724400000,0x0000004724500000) (1024K)]
  0x00000224c03764c0 WatcherThread "VM Periodic Task Thread"        [id=23788, stack(0x0000004724300000,0x0000004724400000) (1024K)]
  0x00000224a0d4d020 WorkerThread "GC Thread#0"                     [id=29076, stack(0x0000004723e00000,0x0000004723f00000) (1024K)]
  0x0000022506b59610 WorkerThread "GC Thread#1"                     [id=4356, stack(0x0000004725400000,0x0000004725500000) (1024K)]
  0x0000022506b599b0 WorkerThread "GC Thread#2"                     [id=21808, stack(0x0000004725500000,0x0000004725600000) (1024K)]
  0x0000022506b5c0a0 WorkerThread "GC Thread#3"                     [id=31812, stack(0x0000004725600000,0x0000004725700000) (1024K)]
  0x0000022506b5c440 WorkerThread "GC Thread#4"                     [id=27080, stack(0x0000004725700000,0x0000004725800000) (1024K)]
  0x000002250a1946b0 WorkerThread "GC Thread#5"                     [id=19048, stack(0x0000004726700000,0x0000004726800000) (1024K)]
  0x000002250a194a50 WorkerThread "GC Thread#6"                     [id=36404, stack(0x0000004726800000,0x0000004726900000) (1024K)]
  0x000002250a193f70 WorkerThread "GC Thread#7"                     [id=28620, stack(0x0000004726900000,0x0000004726a00000) (1024K)]
  0x000002250a194df0 WorkerThread "GC Thread#8"                     [id=31788, stack(0x0000004726a00000,0x0000004726b00000) (1024K)]
  0x000002250a195190 WorkerThread "GC Thread#9"                     [id=32868, stack(0x0000004726b00000,0x0000004726c00000) (1024K)]
  0x000002250a195530 WorkerThread "GC Thread#10"                    [id=28728, stack(0x0000004726c00000,0x0000004726d00000) (1024K)]
  0x000002250a194310 WorkerThread "GC Thread#11"                    [id=24428, stack(0x0000004726d00000,0x0000004726e00000) (1024K)]
  0x000002250a1958d0 WorkerThread "GC Thread#12"                    [id=31296, stack(0x0000004726e00000,0x0000004726f00000) (1024K)]
  0x00000224a0d4dfd0 ConcurrentGCThread "G1 Main Marker"            [id=26012, stack(0x0000004723f00000,0x0000004724000000) (1024K)]
  0x00000224a2e63ed0 WorkerThread "G1 Conc#0"                       [id=19672, stack(0x0000004724000000,0x0000004724100000) (1024K)]
  0x0000022508630bc0 WorkerThread "G1 Conc#1"                       [id=13016, stack(0x0000004726f00000,0x0000004727000000) (1024K)]
  0x000002250862f9a0 WorkerThread "G1 Conc#2"                       [id=29764, stack(0x0000004727000000,0x0000004727100000) (1024K)]
  0x00000224a2ebeba0 ConcurrentGCThread "G1 Refine#0"               [id=28508, stack(0x0000004724100000,0x0000004724200000) (1024K)]
  0x00000224c02469a0 ConcurrentGCThread "G1 Service"                [id=2872, stack(0x0000004724200000,0x0000004724300000) (1024K)]
Total: 21

Threads with active compile tasks:
C2 CompilerThread0    12115 14023       4       com.android.ide.common.resources.ValueResourceParser2::getType (62 bytes)
C2 CompilerThread1    12115 14024       4       com.android.ide.common.resources.ValueResourceNameValidator::validate (38 bytes)
C2 CompilerThread2    12115 13989       4       com.sun.org.apache.xerces.internal.dom.ElementNSImpl::getLocalName (16 bytes)
C2 CompilerThread3    12115 14021       4       com.android.ide.common.resources.ValueResourceParser2::getResource (73 bytes)
C2 CompilerThread4    12115 14034       4       com.android.resources.ResourceType$$Lambda/0x00000224c2eb9f00::apply (8 bytes)
C2 CompilerThread5    12115 14033       4       com.android.resources.ResourceType::fromXmlTag (141 bytes)
C2 CompilerThread6    12115 14017       4       com.sun.org.apache.xerces.internal.dom.DeferredElementNSImpl::synchronizeData (232 bytes)
C2 CompilerThread7    12115 14125       4       com.google.common.collect.LinkedListMultimap$ValueForKeyIterator::<init> (140 bytes)
Total: 8

VM state: not at safepoint (normal execution)

VM Mutex/Monitor currently owned by a thread: None

Heap address: 0x0000000080000000, size: 2048 MB, Compressed Oops mode: 32-bit

CDS archive(s) mapped at: [0x00000224c1000000-0x00000224c1c90000-0x00000224c1c90000), size 13172736, SharedBaseAddress: 0x00000224c1000000, ArchiveRelocationMode: 1.
Compressed class space mapped at: 0x00000224c2000000-0x0000022502000000, reserved size: 1073741824
Narrow klass base: 0x00000224c1000000, Narrow klass shift: 0, Narrow klass range: 0x100000000

GC Precious Log:
 CardTable entry size: 512
 Card Set container configuration: InlinePtr #cards 5 size 8 Array Of Cards #cards 12 size 40 Howl #buckets 4 coarsen threshold 1843 Howl Bitmap #cards 512 size 80 coarsen threshold 460 Card regions per heap region 1 cards per card region 2048
 CPUs: 16 total, 16 available
 Memory: 15790M
 Large Page Support: Disabled
 NUMA Support: Disabled
 Compressed Oops: Enabled (32-bit)
 Heap Region Size: 1M
 Heap Min Capacity: 8M
 Heap Initial Capacity: 248M
 Heap Max Capacity: 2G
 Pre-touch: Disabled
 Parallel Workers: 13
 Concurrent Workers: 3
 Concurrent Refinement Workers: 13
 Periodic GC: Disabled

Heap:
 garbage-first heap   total 196608K, used 131714K [0x0000000080000000, 0x0000000100000000)
  region size 1024K, 18 young (18432K), 9 survivors (9216K)
 Metaspace       used 100461K, committed 102656K, reserved 1179648K
  class space    used 13940K, committed 15040K, reserved 1048576K

Heap Regions: E=young(eden), S=young(survivor), O=old, HS=humongous(starts), HC=humongous(continues), CS=collection set, F=free, TAMS=top-at-mark-start, PB=parsable bottom
|   0|0x0000000080000000, 0x0000000080100000, 0x0000000080100000|100%|HS|  |TAMS 0x0000000080000000| PB 0x0000000080000000| Complete 
|   1|0x0000000080100000, 0x0000000080200000, 0x0000000080200000|100%|HC|  |TAMS 0x0000000080100000| PB 0x0000000080100000| Complete 
|   2|0x0000000080200000, 0x0000000080300000, 0x0000000080300000|100%|HC|  |TAMS 0x0000000080200000| PB 0x0000000080200000| Complete 
|   3|0x0000000080300000, 0x0000000080400000, 0x0000000080400000|100%|HC|  |TAMS 0x0000000080300000| PB 0x0000000080300000| Complete 
|   4|0x0000000080400000, 0x0000000080500000, 0x0000000080500000|100%| O|  |TAMS 0x0000000080400000| PB 0x0000000080400000| Untracked 
|   5|0x0000000080500000, 0x0000000080600000, 0x0000000080600000|100%| O|  |TAMS 0x0000000080500000| PB 0x0000000080500000| Untracked 
|   6|0x0000000080600000, 0x0000000080700000, 0x0000000080700000|100%| O|  |TAMS 0x0000000080600000| PB 0x0000000080600000| Untracked 
|   7|0x0000000080700000, 0x0000000080800000, 0x0000000080800000|100%| O|  |TAMS 0x0000000080700000| PB 0x0000000080700000| Untracked 
|   8|0x0000000080800000, 0x0000000080900000, 0x0000000080900000|100%| O|  |TAMS 0x0000000080800000| PB 0x0000000080800000| Untracked 
|   9|0x0000000080900000, 0x0000000080a00000, 0x0000000080a00000|100%| O|  |TAMS 0x0000000080900000| PB 0x0000000080900000| Untracked 
|  10|0x0000000080a00000, 0x0000000080b00000, 0x0000000080b00000|100%| O|  |TAMS 0x0000000080a00000| PB 0x0000000080a00000| Untracked 
|  11|0x0000000080b00000, 0x0000000080c00000, 0x0000000080c00000|100%| O|  |TAMS 0x0000000080b00000| PB 0x0000000080b00000| Untracked 
|  12|0x0000000080c00000, 0x0000000080d00000, 0x0000000080d00000|100%| O|  |TAMS 0x0000000080c00000| PB 0x0000000080c00000| Untracked 
|  13|0x0000000080d00000, 0x0000000080e00000, 0x0000000080e00000|100%| O|  |TAMS 0x0000000080d00000| PB 0x0000000080d00000| Untracked 
|  14|0x0000000080e00000, 0x0000000080f00000, 0x0000000080f00000|100%| O|  |TAMS 0x0000000080e00000| PB 0x0000000080e00000| Untracked 
|  15|0x0000000080f00000, 0x0000000081000000, 0x0000000081000000|100%|HS|  |TAMS 0x0000000080f00000| PB 0x0000000080f00000| Complete 
|  16|0x0000000081000000, 0x0000000081100000, 0x0000000081100000|100%|HS|  |TAMS 0x0000000081000000| PB 0x0000000081000000| Complete 
|  17|0x0000000081100000, 0x0000000081200000, 0x0000000081200000|100%| O|  |TAMS 0x0000000081100000| PB 0x0000000081100000| Untracked 
|  18|0x0000000081200000, 0x0000000081300000, 0x0000000081300000|100%| O|  |TAMS 0x0000000081200000| PB 0x0000000081200000| Untracked 
|  19|0x0000000081300000, 0x0000000081400000, 0x0000000081400000|100%| O|  |TAMS 0x0000000081300000| PB 0x0000000081300000| Untracked 
|  20|0x0000000081400000, 0x0000000081500000, 0x0000000081500000|100%| O|  |TAMS 0x0000000081400000| PB 0x0000000081400000| Untracked 
|  21|0x0000000081500000, 0x0000000081600000, 0x0000000081600000|100%|HS|  |TAMS 0x0000000081500000| PB 0x0000000081500000| Complete 
|  22|0x0000000081600000, 0x0000000081700000, 0x0000000081700000|100%|HC|  |TAMS 0x0000000081600000| PB 0x0000000081600000| Complete 
|  23|0x0000000081700000, 0x0000000081800000, 0x0000000081800000|100%|HS|  |TAMS 0x0000000081700000| PB 0x0000000081700000| Complete 
|  24|0x0000000081800000, 0x0000000081900000, 0x0000000081900000|100%|HC|  |TAMS 0x0000000081800000| PB 0x0000000081800000| Complete 
|  25|0x0000000081900000, 0x0000000081a00000, 0x0000000081a00000|100%|HS|  |TAMS 0x0000000081900000| PB 0x0000000081900000| Complete 
|  26|0x0000000081a00000, 0x0000000081b00000, 0x0000000081b00000|100%|HS|  |TAMS 0x0000000081a00000| PB 0x0000000081a00000| Complete 
|  27|0x0000000081b00000, 0x0000000081c00000, 0x0000000081c00000|100%|HC|  |TAMS 0x0000000081b00000| PB 0x0000000081b00000| Complete 
|  28|0x0000000081c00000, 0x0000000081d00000, 0x0000000081d00000|100%|HC|  |TAMS 0x0000000081c00000| PB 0x0000000081c00000| Complete 
|  29|0x0000000081d00000, 0x0000000081e00000, 0x0000000081e00000|100%|HC|  |TAMS 0x0000000081d00000| PB 0x0000000081d00000| Complete 
|  30|0x0000000081e00000, 0x0000000081f00000, 0x0000000081f00000|100%|HS|  |TAMS 0x0000000081e00000| PB 0x0000000081e00000| Complete 
|  31|0x0000000081f00000, 0x0000000082000000, 0x0000000082000000|100%| O|  |TAMS 0x0000000081f00000| PB 0x0000000081f00000| Untracked 
|  32|0x0000000082000000, 0x0000000082100000, 0x0000000082100000|100%|HS|  |TAMS 0x0000000082000000| PB 0x0000000082000000| Complete 
|  33|0x0000000082100000, 0x0000000082200000, 0x0000000082200000|100%|HS|  |TAMS 0x0000000082100000| PB 0x0000000082100000| Complete 
|  34|0x0000000082200000, 0x0000000082300000, 0x0000000082300000|100%| O|  |TAMS 0x0000000082200000| PB 0x0000000082200000| Untracked 
|  35|0x0000000082300000, 0x0000000082400000, 0x0000000082400000|100%| O|  |TAMS 0x0000000082300000| PB 0x0000000082300000| Untracked 
|  36|0x0000000082400000, 0x0000000082500000, 0x0000000082500000|100%| O|  |TAMS 0x0000000082400000| PB 0x0000000082400000| Untracked 
|  37|0x0000000082500000, 0x0000000082600000, 0x0000000082600000|100%| O|  |TAMS 0x0000000082500000| PB 0x0000000082500000| Untracked 
|  38|0x0000000082600000, 0x0000000082700000, 0x0000000082700000|100%| O|  |TAMS 0x0000000082600000| PB 0x0000000082600000| Untracked 
|  39|0x0000000082700000, 0x0000000082800000, 0x0000000082800000|100%| O|  |TAMS 0x0000000082700000| PB 0x0000000082700000| Untracked 
|  40|0x0000000082800000, 0x0000000082900000, 0x0000000082900000|100%| O|  |TAMS 0x0000000082800000| PB 0x0000000082800000| Untracked 
|  41|0x0000000082900000, 0x0000000082900000, 0x0000000082a00000|  0%| F|  |TAMS 0x0000000082900000| PB 0x0000000082900000| Untracked 
|  42|0x0000000082a00000, 0x0000000082b00000, 0x0000000082b00000|100%| O|  |TAMS 0x0000000082a00000| PB 0x0000000082a00000| Untracked 
|  43|0x0000000082b00000, 0x0000000082c00000, 0x0000000082c00000|100%| O|  |TAMS 0x0000000082b00000| PB 0x0000000082b00000| Untracked 
|  44|0x0000000082c00000, 0x0000000082d00000, 0x0000000082d00000|100%| O|  |TAMS 0x0000000082c00000| PB 0x0000000082c00000| Untracked 
|  45|0x0000000082d00000, 0x0000000082e00000, 0x0000000082e00000|100%| O|  |TAMS 0x0000000082d00000| PB 0x0000000082d00000| Untracked 
|  46|0x0000000082e00000, 0x0000000082f00000, 0x0000000082f00000|100%|HS|  |TAMS 0x0000000082e00000| PB 0x0000000082e00000| Complete 
|  47|0x0000000082f00000, 0x0000000083000000, 0x0000000083000000|100%|HC|  |TAMS 0x0000000082f00000| PB 0x0000000082f00000| Complete 
|  48|0x0000000083000000, 0x0000000083100000, 0x0000000083100000|100%|HC|  |TAMS 0x0000000083000000| PB 0x0000000083000000| Complete 
|  49|0x0000000083100000, 0x0000000083200000, 0x0000000083200000|100%|HC|  |TAMS 0x0000000083100000| PB 0x0000000083100000| Complete 
|  50|0x0000000083200000, 0x0000000083300000, 0x0000000083300000|100%|HS|  |TAMS 0x0000000083200000| PB 0x0000000083200000| Complete 
|  51|0x0000000083300000, 0x0000000083400000, 0x0000000083400000|100%| O|  |TAMS 0x0000000083300000| PB 0x0000000083300000| Untracked 
|  52|0x0000000083400000, 0x0000000083500000, 0x0000000083500000|100%| O|  |TAMS 0x0000000083400000| PB 0x0000000083400000| Untracked 
|  53|0x0000000083500000, 0x0000000083600000, 0x0000000083600000|100%| O|  |TAMS 0x0000000083500000| PB 0x0000000083500000| Untracked 
|  54|0x0000000083600000, 0x0000000083700000, 0x0000000083700000|100%| O|  |TAMS 0x0000000083600000| PB 0x0000000083600000| Untracked 
|  55|0x0000000083700000, 0x0000000083800000, 0x0000000083800000|100%| O|  |TAMS 0x0000000083700000| PB 0x0000000083700000| Untracked 
|  56|0x0000000083800000, 0x0000000083900000, 0x0000000083900000|100%| O|  |TAMS 0x0000000083800000| PB 0x0000000083800000| Untracked 
|  57|0x0000000083900000, 0x0000000083a00000, 0x0000000083a00000|100%| O|  |TAMS 0x0000000083900000| PB 0x0000000083900000| Untracked 
|  58|0x0000000083a00000, 0x0000000083b00000, 0x0000000083b00000|100%| O|  |TAMS 0x0000000083a00000| PB 0x0000000083a00000| Untracked 
|  59|0x0000000083b00000, 0x0000000083c00000, 0x0000000083c00000|100%| O|  |TAMS 0x0000000083b00000| PB 0x0000000083b00000| Untracked 
|  60|0x0000000083c00000, 0x0000000083d00000, 0x0000000083d00000|100%| O|  |TAMS 0x0000000083c00000| PB 0x0000000083c00000| Untracked 
|  61|0x0000000083d00000, 0x0000000083e00000, 0x0000000083e00000|100%| O|  |TAMS 0x0000000083d00000| PB 0x0000000083d00000| Untracked 
|  62|0x0000000083e00000, 0x0000000083f00000, 0x0000000083f00000|100%| O|  |TAMS 0x0000000083e00000| PB 0x0000000083e00000| Untracked 
|  63|0x0000000083f00000, 0x0000000084000000, 0x0000000084000000|100%| O|  |TAMS 0x0000000083f00000| PB 0x0000000083f00000| Untracked 
|  64|0x0000000084000000, 0x0000000084100000, 0x0000000084100000|100%| O|  |TAMS 0x0000000084000000| PB 0x0000000084000000| Untracked 
|  65|0x0000000084100000, 0x0000000084200000, 0x0000000084200000|100%| O|  |TAMS 0x0000000084100000| PB 0x0000000084100000| Untracked 
|  66|0x0000000084200000, 0x0000000084300000, 0x0000000084300000|100%| O|  |TAMS 0x0000000084200000| PB 0x0000000084200000| Untracked 
|  67|0x0000000084300000, 0x0000000084400000, 0x0000000084400000|100%| O|  |TAMS 0x0000000084300000| PB 0x0000000084300000| Untracked 
|  68|0x0000000084400000, 0x0000000084500000, 0x0000000084500000|100%| O|  |TAMS 0x0000000084400000| PB 0x0000000084400000| Untracked 
|  69|0x0000000084500000, 0x0000000084600000, 0x0000000084600000|100%| O|  |TAMS 0x0000000084500000| PB 0x0000000084500000| Untracked 
|  70|0x0000000084600000, 0x0000000084700000, 0x0000000084700000|100%| O|  |TAMS 0x0000000084600000| PB 0x0000000084600000| Untracked 
|  71|0x0000000084700000, 0x0000000084800000, 0x0000000084800000|100%| O|  |TAMS 0x0000000084700000| PB 0x0000000084700000| Untracked 
|  72|0x0000000084800000, 0x0000000084900000, 0x0000000084900000|100%| O|  |TAMS 0x0000000084800000| PB 0x0000000084800000| Untracked 
|  73|0x0000000084900000, 0x0000000084a00000, 0x0000000084a00000|100%| O|  |TAMS 0x0000000084900000| PB 0x0000000084900000| Untracked 
|  74|0x0000000084a00000, 0x0000000084b00000, 0x0000000084b00000|100%| O|  |TAMS 0x0000000084a00000| PB 0x0000000084a00000| Untracked 
|  75|0x0000000084b00000, 0x0000000084c00000, 0x0000000084c00000|100%| O|  |TAMS 0x0000000084b00000| PB 0x0000000084b00000| Untracked 
|  76|0x0000000084c00000, 0x0000000084d00000, 0x0000000084d00000|100%| O|  |TAMS 0x0000000084c00000| PB 0x0000000084c00000| Untracked 
|  77|0x0000000084d00000, 0x0000000084e00000, 0x0000000084e00000|100%| O|  |TAMS 0x0000000084d00000| PB 0x0000000084d00000| Untracked 
|  78|0x0000000084e00000, 0x0000000084f00000, 0x0000000084f00000|100%| O|  |TAMS 0x0000000084e00000| PB 0x0000000084e00000| Untracked 
|  79|0x0000000084f00000, 0x0000000085000000, 0x0000000085000000|100%| O|  |TAMS 0x0000000084f00000| PB 0x0000000084f00000| Untracked 
|  80|0x0000000085000000, 0x0000000085100000, 0x0000000085100000|100%| O|  |TAMS 0x0000000085000000| PB 0x0000000085000000| Untracked 
|  81|0x0000000085100000, 0x0000000085200000, 0x0000000085200000|100%| O|  |TAMS 0x0000000085100000| PB 0x0000000085100000| Untracked 
|  82|0x0000000085200000, 0x0000000085200000, 0x0000000085300000|  0%| F|  |TAMS 0x0000000085200000| PB 0x0000000085200000| Untracked 
|  83|0x0000000085300000, 0x0000000085300000, 0x0000000085400000|  0%| F|  |TAMS 0x0000000085300000| PB 0x0000000085300000| Untracked 
|  84|0x0000000085400000, 0x0000000085500000, 0x0000000085500000|100%| O|  |TAMS 0x0000000085400000| PB 0x0000000085400000| Untracked 
|  85|0x0000000085500000, 0x0000000085600000, 0x0000000085600000|100%| O|  |TAMS 0x0000000085500000| PB 0x0000000085500000| Untracked 
|  86|0x0000000085600000, 0x0000000085700000, 0x0000000085700000|100%| O|  |TAMS 0x0000000085600000| PB 0x0000000085600000| Untracked 
|  87|0x0000000085700000, 0x0000000085800000, 0x0000000085800000|100%| O|  |TAMS 0x0000000085700000| PB 0x0000000085700000| Untracked 
|  88|0x0000000085800000, 0x0000000085900000, 0x0000000085900000|100%| O|  |TAMS 0x0000000085800000| PB 0x0000000085800000| Untracked 
|  89|0x0000000085900000, 0x0000000085a00000, 0x0000000085a00000|100%| O|  |TAMS 0x0000000085900000| PB 0x0000000085900000| Untracked 
|  90|0x0000000085a00000, 0x0000000085b00000, 0x0000000085b00000|100%| O|  |TAMS 0x0000000085a00000| PB 0x0000000085a00000| Untracked 
|  91|0x0000000085b00000, 0x0000000085c00000, 0x0000000085c00000|100%| O|  |TAMS 0x0000000085b00000| PB 0x0000000085b00000| Untracked 
|  92|0x0000000085c00000, 0x0000000085d00000, 0x0000000085d00000|100%| S|CS|TAMS 0x0000000085c00000| PB 0x0000000085c00000| Complete 
|  93|0x0000000085d00000, 0x0000000085e00000, 0x0000000085e00000|100%| S|CS|TAMS 0x0000000085d00000| PB 0x0000000085d00000| Complete 
|  94|0x0000000085e00000, 0x0000000085f00000, 0x0000000085f00000|100%| S|CS|TAMS 0x0000000085e00000| PB 0x0000000085e00000| Complete 
|  95|0x0000000085f00000, 0x0000000086000000, 0x0000000086000000|100%| S|CS|TAMS 0x0000000085f00000| PB 0x0000000085f00000| Complete 
|  96|0x0000000086000000, 0x0000000086100000, 0x0000000086100000|100%| S|CS|TAMS 0x0000000086000000| PB 0x0000000086000000| Complete 
|  97|0x0000000086100000, 0x0000000086200000, 0x0000000086200000|100%| S|CS|TAMS 0x0000000086100000| PB 0x0000000086100000| Complete 
|  98|0x0000000086200000, 0x0000000086300000, 0x0000000086300000|100%| S|CS|TAMS 0x0000000086200000| PB 0x0000000086200000| Complete 
|  99|0x0000000086300000, 0x0000000086400000, 0x0000000086400000|100%| S|CS|TAMS 0x0000000086300000| PB 0x0000000086300000| Complete 
| 100|0x0000000086400000, 0x0000000086500000, 0x0000000086500000|100%| S|CS|TAMS 0x0000000086400000| PB 0x0000000086400000| Complete 
| 101|0x0000000086500000, 0x0000000086500000, 0x0000000086600000|  0%| F|  |TAMS 0x0000000086500000| PB 0x0000000086500000| Untracked 
| 102|0x0000000086600000, 0x0000000086600000, 0x0000000086700000|  0%| F|  |TAMS 0x0000000086600000| PB 0x0000000086600000| Untracked 
| 103|0x0000000086700000, 0x0000000086700000, 0x0000000086800000|  0%| F|  |TAMS 0x0000000086700000| PB 0x0000000086700000| Untracked 
| 104|0x0000000086800000, 0x0000000086800000, 0x0000000086900000|  0%| F|  |TAMS 0x0000000086800000| PB 0x0000000086800000| Untracked 
| 105|0x0000000086900000, 0x0000000086900000, 0x0000000086a00000|  0%| F|  |TAMS 0x0000000086900000| PB 0x0000000086900000| Untracked 
| 106|0x0000000086a00000, 0x0000000086a00000, 0x0000000086b00000|  0%| F|  |TAMS 0x0000000086a00000| PB 0x0000000086a00000| Untracked 
| 107|0x0000000086b00000, 0x0000000086b00000, 0x0000000086c00000|  0%| F|  |TAMS 0x0000000086b00000| PB 0x0000000086b00000| Untracked 
| 108|0x0000000086c00000, 0x0000000086c00000, 0x0000000086d00000|  0%| F|  |TAMS 0x0000000086c00000| PB 0x0000000086c00000| Untracked 
| 109|0x0000000086d00000, 0x0000000086d00000, 0x0000000086e00000|  0%| F|  |TAMS 0x0000000086d00000| PB 0x0000000086d00000| Untracked 
| 110|0x0000000086e00000, 0x0000000086e00000, 0x0000000086f00000|  0%| F|  |TAMS 0x0000000086e00000| PB 0x0000000086e00000| Untracked 
| 111|0x0000000086f00000, 0x0000000086f00000, 0x0000000087000000|  0%| F|  |TAMS 0x0000000086f00000| PB 0x0000000086f00000| Untracked 
| 112|0x0000000087000000, 0x0000000087000000, 0x0000000087100000|  0%| F|  |TAMS 0x0000000087000000| PB 0x0000000087000000| Untracked 
| 113|0x0000000087100000, 0x0000000087100000, 0x0000000087200000|  0%| F|  |TAMS 0x0000000087100000| PB 0x0000000087100000| Untracked 
| 114|0x0000000087200000, 0x0000000087200000, 0x0000000087300000|  0%| F|  |TAMS 0x0000000087200000| PB 0x0000000087200000| Untracked 
| 115|0x0000000087300000, 0x0000000087300000, 0x0000000087400000|  0%| F|  |TAMS 0x0000000087300000| PB 0x0000000087300000| Untracked 
| 116|0x0000000087400000, 0x0000000087400000, 0x0000000087500000|  0%| F|  |TAMS 0x0000000087400000| PB 0x0000000087400000| Untracked 
| 117|0x0000000087500000, 0x0000000087500000, 0x0000000087600000|  0%| F|  |TAMS 0x0000000087500000| PB 0x0000000087500000| Untracked 
| 118|0x0000000087600000, 0x0000000087600000, 0x0000000087700000|  0%| F|  |TAMS 0x0000000087600000| PB 0x0000000087600000| Untracked 
| 119|0x0000000087700000, 0x0000000087700000, 0x0000000087800000|  0%| F|  |TAMS 0x0000000087700000| PB 0x0000000087700000| Untracked 
| 120|0x0000000087800000, 0x0000000087800000, 0x0000000087900000|  0%| F|  |TAMS 0x0000000087800000| PB 0x0000000087800000| Untracked 
| 121|0x0000000087900000, 0x0000000087900000, 0x0000000087a00000|  0%| F|  |TAMS 0x0000000087900000| PB 0x0000000087900000| Untracked 
| 122|0x0000000087a00000, 0x0000000087a00000, 0x0000000087b00000|  0%| F|  |TAMS 0x0000000087a00000| PB 0x0000000087a00000| Untracked 
| 123|0x0000000087b00000, 0x0000000087b00000, 0x0000000087c00000|  0%| F|  |TAMS 0x0000000087b00000| PB 0x0000000087b00000| Untracked 
| 124|0x0000000087c00000, 0x0000000087c00000, 0x0000000087d00000|  0%| F|  |TAMS 0x0000000087c00000| PB 0x0000000087c00000| Untracked 
| 125|0x0000000087d00000, 0x0000000087d00000, 0x0000000087e00000|  0%| F|  |TAMS 0x0000000087d00000| PB 0x0000000087d00000| Untracked 
| 126|0x0000000087e00000, 0x0000000087e00000, 0x0000000087f00000|  0%| F|  |TAMS 0x0000000087e00000| PB 0x0000000087e00000| Untracked 
| 127|0x0000000087f00000, 0x0000000087f00000, 0x0000000088000000|  0%| F|  |TAMS 0x0000000087f00000| PB 0x0000000087f00000| Untracked 
| 128|0x0000000088000000, 0x0000000088000000, 0x0000000088100000|  0%| F|  |TAMS 0x0000000088000000| PB 0x0000000088000000| Untracked 
| 129|0x0000000088100000, 0x0000000088100000, 0x0000000088200000|  0%| F|  |TAMS 0x0000000088100000| PB 0x0000000088100000| Untracked 
| 130|0x0000000088200000, 0x0000000088200000, 0x0000000088300000|  0%| F|  |TAMS 0x0000000088200000| PB 0x0000000088200000| Untracked 
| 131|0x0000000088300000, 0x0000000088300000, 0x0000000088400000|  0%| F|  |TAMS 0x0000000088300000| PB 0x0000000088300000| Untracked 
| 132|0x0000000088400000, 0x0000000088400000, 0x0000000088500000|  0%| F|  |TAMS 0x0000000088400000| PB 0x0000000088400000| Untracked 
| 133|0x0000000088500000, 0x0000000088500000, 0x0000000088600000|  0%| F|  |TAMS 0x0000000088500000| PB 0x0000000088500000| Untracked 
| 134|0x0000000088600000, 0x0000000088600000, 0x0000000088700000|  0%| F|  |TAMS 0x0000000088600000| PB 0x0000000088600000| Untracked 
| 135|0x0000000088700000, 0x0000000088700000, 0x0000000088800000|  0%| F|  |TAMS 0x0000000088700000| PB 0x0000000088700000| Untracked 
| 136|0x0000000088800000, 0x0000000088800000, 0x0000000088900000|  0%| F|  |TAMS 0x0000000088800000| PB 0x0000000088800000| Untracked 
| 137|0x0000000088900000, 0x0000000088900000, 0x0000000088a00000|  0%| F|  |TAMS 0x0000000088900000| PB 0x0000000088900000| Untracked 
| 138|0x0000000088a00000, 0x0000000088a00000, 0x0000000088b00000|  0%| F|  |TAMS 0x0000000088a00000| PB 0x0000000088a00000| Untracked 
| 139|0x0000000088b00000, 0x0000000088b00000, 0x0000000088c00000|  0%| F|  |TAMS 0x0000000088b00000| PB 0x0000000088b00000| Untracked 
| 140|0x0000000088c00000, 0x0000000088c00000, 0x0000000088d00000|  0%| F|  |TAMS 0x0000000088c00000| PB 0x0000000088c00000| Untracked 
| 141|0x0000000088d00000, 0x0000000088d00000, 0x0000000088e00000|  0%| F|  |TAMS 0x0000000088d00000| PB 0x0000000088d00000| Untracked 
| 142|0x0000000088e00000, 0x0000000088e00000, 0x0000000088f00000|  0%| F|  |TAMS 0x0000000088e00000| PB 0x0000000088e00000| Untracked 
| 143|0x0000000088f00000, 0x0000000088f00000, 0x0000000089000000|  0%| F|  |TAMS 0x0000000088f00000| PB 0x0000000088f00000| Untracked 
| 144|0x0000000089000000, 0x0000000089000000, 0x0000000089100000|  0%| F|  |TAMS 0x0000000089000000| PB 0x0000000089000000| Untracked 
| 145|0x0000000089100000, 0x0000000089100000, 0x0000000089200000|  0%| F|  |TAMS 0x0000000089100000| PB 0x0000000089100000| Untracked 
| 146|0x0000000089200000, 0x0000000089200000, 0x0000000089300000|  0%| F|  |TAMS 0x0000000089200000| PB 0x0000000089200000| Untracked 
| 147|0x0000000089300000, 0x0000000089300000, 0x0000000089400000|  0%| F|  |TAMS 0x0000000089300000| PB 0x0000000089300000| Untracked 
| 148|0x0000000089400000, 0x0000000089400000, 0x0000000089500000|  0%| F|  |TAMS 0x0000000089400000| PB 0x0000000089400000| Untracked 
| 149|0x0000000089500000, 0x0000000089500000, 0x0000000089600000|  0%| F|  |TAMS 0x0000000089500000| PB 0x0000000089500000| Untracked 
| 150|0x0000000089600000, 0x0000000089600000, 0x0000000089700000|  0%| F|  |TAMS 0x0000000089600000| PB 0x0000000089600000| Untracked 
| 151|0x0000000089700000, 0x0000000089700000, 0x0000000089800000|  0%| F|  |TAMS 0x0000000089700000| PB 0x0000000089700000| Untracked 
| 152|0x0000000089800000, 0x0000000089800000, 0x0000000089900000|  0%| F|  |TAMS 0x0000000089800000| PB 0x0000000089800000| Untracked 
| 153|0x0000000089900000, 0x0000000089900000, 0x0000000089a00000|  0%| F|  |TAMS 0x0000000089900000| PB 0x0000000089900000| Untracked 
| 154|0x0000000089a00000, 0x0000000089a00000, 0x0000000089b00000|  0%| F|  |TAMS 0x0000000089a00000| PB 0x0000000089a00000| Untracked 
| 155|0x0000000089b00000, 0x0000000089b00000, 0x0000000089c00000|  0%| F|  |TAMS 0x0000000089b00000| PB 0x0000000089b00000| Untracked 
| 156|0x0000000089c00000, 0x0000000089c00000, 0x0000000089d00000|  0%| F|  |TAMS 0x0000000089c00000| PB 0x0000000089c00000| Untracked 
| 157|0x0000000089d00000, 0x0000000089d00000, 0x0000000089e00000|  0%| F|  |TAMS 0x0000000089d00000| PB 0x0000000089d00000| Untracked 
| 158|0x0000000089e00000, 0x0000000089e00000, 0x0000000089f00000|  0%| F|  |TAMS 0x0000000089e00000| PB 0x0000000089e00000| Untracked 
| 159|0x0000000089f00000, 0x000000008a000000, 0x000000008a000000|100%| E|  |TAMS 0x0000000089f00000| PB 0x0000000089f00000| Complete 
| 160|0x000000008a000000, 0x000000008a100000, 0x000000008a100000|100%| E|CS|TAMS 0x000000008a000000| PB 0x000000008a000000| Complete 
| 246|0x000000008f600000, 0x000000008f700000, 0x000000008f700000|100%| E|CS|TAMS 0x000000008f600000| PB 0x000000008f600000| Complete 
| 247|0x000000008f700000, 0x000000008f800000, 0x000000008f800000|100%| E|CS|TAMS 0x000000008f700000| PB 0x000000008f700000| Complete 
|2019|0x00000000fe300000, 0x00000000fe3a0980, 0x00000000fe400000| 62%| O|  |TAMS 0x00000000fe300000| PB 0x00000000fe300000| Untracked 
|2020|0x00000000fe400000, 0x00000000fe500000, 0x00000000fe500000|100%| O|  |TAMS 0x00000000fe400000| PB 0x00000000fe400000| Untracked 
|2021|0x00000000fe500000, 0x00000000fe600000, 0x00000000fe600000|100%| O|  |TAMS 0x00000000fe500000| PB 0x00000000fe500000| Untracked 
|2022|0x00000000fe600000, 0x00000000fe700000, 0x00000000fe700000|100%| O|  |TAMS 0x00000000fe600000| PB 0x00000000fe600000| Untracked 
|2023|0x00000000fe700000, 0x00000000fe800000, 0x00000000fe800000|100%| O|  |TAMS 0x00000000fe700000| PB 0x00000000fe700000| Untracked 
|2024|0x00000000fe800000, 0x00000000fe900000, 0x00000000fe900000|100%| O|  |TAMS 0x00000000fe800000| PB 0x00000000fe800000| Untracked 
|2025|0x00000000fe900000, 0x00000000fea00000, 0x00000000fea00000|100%| O|  |TAMS 0x00000000fe900000| PB 0x00000000fe900000| Untracked 
|2026|0x00000000fea00000, 0x00000000feb00000, 0x00000000feb00000|100%| O|  |TAMS 0x00000000fea00000| PB 0x00000000fea00000| Untracked 
|2027|0x00000000feb00000, 0x00000000fec00000, 0x00000000fec00000|100%| E|CS|TAMS 0x00000000feb00000| PB 0x00000000feb00000| Complete 
|2028|0x00000000fec00000, 0x00000000fed00000, 0x00000000fed00000|100%| E|CS|TAMS 0x00000000fec00000| PB 0x00000000fec00000| Complete 
|2029|0x00000000fed00000, 0x00000000fee00000, 0x00000000fee00000|100%| E|  |TAMS 0x00000000fed00000| PB 0x00000000fed00000| Complete 
|2030|0x00000000fee00000, 0x00000000fef00000, 0x00000000fef00000|100%| O|  |TAMS 0x00000000fee00000| PB 0x00000000fee00000| Untracked 
|2031|0x00000000fef00000, 0x00000000ff000000, 0x00000000ff000000|100%| O|  |TAMS 0x00000000fef00000| PB 0x00000000fef00000| Untracked 
|2032|0x00000000ff000000, 0x00000000ff100000, 0x00000000ff100000|100%| O|  |TAMS 0x00000000ff000000| PB 0x00000000ff000000| Untracked 
|2033|0x00000000ff100000, 0x00000000ff200000, 0x00000000ff200000|100%| O|  |TAMS 0x00000000ff100000| PB 0x00000000ff100000| Untracked 
|2034|0x00000000ff200000, 0x00000000ff300000, 0x00000000ff300000|100%| O|  |TAMS 0x00000000ff200000| PB 0x00000000ff200000| Untracked 
|2035|0x00000000ff300000, 0x00000000ff400000, 0x00000000ff400000|100%| E|CS|TAMS 0x00000000ff300000| PB 0x00000000ff300000| Complete 
|2036|0x00000000ff400000, 0x00000000ff500000, 0x00000000ff500000|100%| O|  |TAMS 0x00000000ff400000| PB 0x00000000ff400000| Untracked 
|2037|0x00000000ff500000, 0x00000000ff600000, 0x00000000ff600000|100%| O|  |TAMS 0x00000000ff500000| PB 0x00000000ff500000| Untracked 
|2038|0x00000000ff600000, 0x00000000ff700000, 0x00000000ff700000|100%| O|  |TAMS 0x00000000ff600000| PB 0x00000000ff600000| Untracked 
|2039|0x00000000ff700000, 0x00000000ff800000, 0x00000000ff800000|100%| O|  |TAMS 0x00000000ff700000| PB 0x00000000ff700000| Untracked 
|2040|0x00000000ff800000, 0x00000000ff900000, 0x00000000ff900000|100%| O|  |TAMS 0x00000000ff800000| PB 0x00000000ff800000| Untracked 
|2041|0x00000000ff900000, 0x00000000ffa00000, 0x00000000ffa00000|100%| O|  |TAMS 0x00000000ff900000| PB 0x00000000ff900000| Untracked 
|2042|0x00000000ffa00000, 0x00000000ffb00000, 0x00000000ffb00000|100%| E|CS|TAMS 0x00000000ffa00000| PB 0x00000000ffa00000| Complete 
|2043|0x00000000ffb00000, 0x00000000ffc00000, 0x00000000ffc00000|100%| O|  |TAMS 0x00000000ffb00000| PB 0x00000000ffb00000| Untracked 
|2044|0x00000000ffc00000, 0x00000000ffd00000, 0x00000000ffd00000|100%| O|  |TAMS 0x00000000ffc00000| PB 0x00000000ffc00000| Untracked 
|2045|0x00000000ffd00000, 0x00000000ffe00000, 0x00000000ffe00000|100%| O|  |TAMS 0x00000000ffd00000| PB 0x00000000ffd00000| Untracked 
|2046|0x00000000ffe00000, 0x00000000fff00000, 0x00000000fff00000|100%| O|  |TAMS 0x00000000ffe00000| PB 0x00000000ffe00000| Untracked 
|2047|0x00000000fff00000, 0x0000000100000000, 0x0000000100000000|100%| O|  |TAMS 0x00000000fff00000| PB 0x00000000fff00000| Untracked 

Card table byte_map: [0x00000224baee0000,0x00000224bb2e0000] _byte_map_base: 0x00000224baae0000

Marking Bits: (CMBitMap*) 0x00000224a0d4d720
 Bits: [0x00000224bb2e0000, 0x00000224bd2e0000)

Polling page: 0x00000224a0d80000

Metaspace:

Usage:
  Non-class:     84.49 MB used.
      Class:     13.61 MB used.
       Both:     98.11 MB used.

Virtual space:
  Non-class space:      128.00 MB reserved,      85.56 MB ( 67%) committed,  2 nodes.
      Class space:        1.00 GB reserved,      14.69 MB (  1%) committed,  1 nodes.
             Both:        1.12 GB reserved,     100.25 MB (  9%) committed. 

Chunk freelists:
   Non-Class:  9.77 MB
       Class:  1.22 MB
        Both:  10.98 MB

MaxMetaspaceSize: unlimited
CompressedClassSpaceSize: 1.00 GB
Initial GC threshold: 21.00 MB
Current GC threshold: 159.31 MB
CDS: on
 - commit_granule_bytes: 65536.
 - commit_granule_words: 8192.
 - virtual_space_node_default_size: 8388608.
 - enlarge_chunks_in_place: 1.
 - use_allocation_guard: 0.


Internal statistics:

num_allocs_failed_limit: 12.
num_arena_births: 4006.
num_arena_deaths: 0.
num_vsnodes_births: 3.
num_vsnodes_deaths: 0.
num_space_committed: 1603.
num_space_uncommitted: 0.
num_chunks_returned_to_freelist: 12.
num_chunks_taken_from_freelist: 8573.
num_chunk_merges: 9.
num_chunk_splits: 5578.
num_chunks_enlarged: 3478.
num_inconsistent_stats: 0.

CodeHeap 'non-profiled nmethods': size=119168Kb used=6827Kb max_used=6827Kb free=112340Kb
 bounds [0x00000224b2e00000, 0x00000224b34b0000, 0x00000224ba260000]
CodeHeap 'profiled nmethods': size=119104Kb used=24430Kb max_used=24430Kb free=94673Kb
 bounds [0x00000224ab260000, 0x00000224aca40000, 0x00000224b26b0000]
CodeHeap 'non-nmethods': size=7488Kb used=3815Kb max_used=3874Kb free=3672Kb
 bounds [0x00000224b26b0000, 0x00000224b2a80000, 0x00000224b2e00000]
 total_blobs=13272 nmethods=12419 adapters=754
 compilation: enabled
              stopped_count=0, restarted_count=0
 full_count=0

Compilation events (20 events):
Event: 12.066 Thread 0x0000022508d51900 nmethod 14100 0x00000224b34a2d90 code [0x00000224b34a2f40, 0x00000224b34a31b8]
Event: 12.066 Thread 0x0000022508d51900 14021       4       com.android.ide.common.resources.ValueResourceParser2::getResource (73 bytes)
Event: 12.072 Thread 0x0000022508d4f020 nmethod 14020 0x00000224b34a3390 code [0x00000224b34a35e0, 0x00000224b34a4008]
Event: 12.072 Thread 0x0000022508d4f020 14101       4       com.google.common.collect.LinkedListMultimap$1::size (33 bytes)
Event: 12.077 Thread 0x0000022508d4f020 nmethod 14101 0x00000224b34a4410 code [0x00000224b34a45e0, 0x00000224b34a4978]
Event: 12.077 Thread 0x0000022508d4f020 14102       4       com.google.common.collect.LinkedListMultimap$ValueForKeyIterator::hasNext (13 bytes)
Event: 12.077 Thread 0x0000022508d4f020 nmethod 14102 0x00000224b34a4c90 code [0x00000224b34a4e20, 0x00000224b34a4eb0]
Event: 12.077 Thread 0x0000022508d4f020 14024       4       com.android.ide.common.resources.ValueResourceNameValidator::validate (38 bytes)
Event: 12.085 Thread 0x00000224c03c6800 14129       1       com.google.common.collect.AbstractMapBasedMultimap$WrappedCollection::getDelegate (5 bytes)
Event: 12.085 Thread 0x00000224c0516390 14132       3       com.google.common.collect.AbstractMapBasedMultimap$KeySet$1::hasNext (10 bytes)
Event: 12.085 Thread 0x00000224c05155f0 14133       3       com.google.common.collect.AbstractMapBasedMultimap$KeySet$1::next (26 bytes)
Event: 12.085 Thread 0x00000224c0514850 14134       3       com.google.common.collect.AbstractMapBasedMultimap$WrappedList::get (15 bytes)
Event: 12.085 Thread 0x00000224c03c6800 nmethod 14129 0x00000224b34a4f90 code [0x00000224b34a5120, 0x00000224b34a51e8]
Event: 12.085 Thread 0x00000224c03c6800 14135       3       com.google.common.collect.AbstractMapBasedMultimap$WrappedList::getListDelegate (8 bytes)
Event: 12.085 Thread 0x00000224c0516390 nmethod 14132 0x00000224aca2f190 code [0x00000224aca2f340, 0x00000224aca2f518]
Event: 12.086 Thread 0x00000224c05155f0 nmethod 14133 0x00000224aca2f610 code [0x00000224aca2f7e0, 0x00000224aca2fbf0]
Event: 12.086 Thread 0x00000224c03c6800 nmethod 14135 0x00000224aca2fd10 code [0x00000224aca2fec0, 0x00000224aca30170]
Event: 12.086 Thread 0x00000224c0514850 nmethod 14134 0x00000224aca30210 code [0x00000224aca303e0, 0x00000224aca30908]
Event: 12.086 Thread 0x00000224c0516390 14136       3       com.android.ide.common.resources.DataItem::resetStatusToWritten (8 bytes)
Event: 12.086 Thread 0x00000224c0516390 nmethod 14136 0x00000224aca30a90 code [0x00000224aca30c20, 0x00000224aca30d38]

GC Heap History (20 events):
Event: 7.295 GC heap before
{Heap before GC invocations=15 (full 0):
 garbage-first heap   total 143360K, used 130771K [0x0000000080000000, 0x0000000100000000)
  region size 1024K, 59 young (60416K), 8 survivors (8192K)
 Metaspace       used 68385K, committed 70272K, reserved 1114112K
  class space    used 9488K, committed 10432K, reserved 1048576K
}
Event: 7.302 GC heap after
{Heap after GC invocations=16 (full 0):
 garbage-first heap   total 145408K, used 81799K [0x0000000080000000, 0x0000000100000000)
  region size 1024K, 5 young (5120K), 5 survivors (5120K)
 Metaspace       used 68385K, committed 70272K, reserved 1114112K
  class space    used 9488K, committed 10432K, reserved 1048576K
}
Event: 7.747 GC heap before
{Heap before GC invocations=16 (full 0):
 garbage-first heap   total 145408K, used 130951K [0x0000000080000000, 0x0000000100000000)
  region size 1024K, 53 young (54272K), 5 survivors (5120K)
 Metaspace       used 73508K, committed 75456K, reserved 1114112K
  class space    used 10167K, committed 11136K, reserved 1048576K
}
Event: 7.752 GC heap after
{Heap after GC invocations=17 (full 0):
 garbage-first heap   total 145408K, used 83928K [0x0000000080000000, 0x0000000100000000)
  region size 1024K, 7 young (7168K), 7 survivors (7168K)
 Metaspace       used 73508K, committed 75456K, reserved 1114112K
  class space    used 10167K, committed 11136K, reserved 1048576K
}
Event: 8.120 GC heap before
{Heap before GC invocations=18 (full 0):
 garbage-first heap   total 145408K, used 128984K [0x0000000080000000, 0x0000000100000000)
  region size 1024K, 51 young (52224K), 7 survivors (7168K)
 Metaspace       used 75107K, committed 77056K, reserved 1179648K
  class space    used 10362K, committed 11328K, reserved 1048576K
}
Event: 8.126 GC heap after
{Heap after GC invocations=19 (full 0):
 garbage-first heap   total 175104K, used 88363K [0x0000000080000000, 0x0000000100000000)
  region size 1024K, 7 young (7168K), 7 survivors (7168K)
 Metaspace       used 75107K, committed 77056K, reserved 1179648K
  class space    used 10362K, committed 11328K, reserved 1048576K
}
Event: 8.746 GC heap before
{Heap before GC invocations=19 (full 0):
 garbage-first heap   total 175104K, used 157995K [0x0000000080000000, 0x0000000100000000)
  region size 1024K, 74 young (75776K), 7 survivors (7168K)
 Metaspace       used 80167K, committed 82112K, reserved 1179648K
  class space    used 11157K, committed 12096K, reserved 1048576K
}
Event: 8.751 GC heap after
{Heap after GC invocations=20 (full 0):
 garbage-first heap   total 175104K, used 90705K [0x0000000080000000, 0x0000000100000000)
  region size 1024K, 8 young (8192K), 8 survivors (8192K)
 Metaspace       used 80167K, committed 82112K, reserved 1179648K
  class space    used 11157K, committed 12096K, reserved 1048576K
}
Event: 9.358 GC heap before
{Heap before GC invocations=20 (full 0):
 garbage-first heap   total 175104K, used 155217K [0x0000000080000000, 0x0000000100000000)
  region size 1024K, 71 young (72704K), 8 survivors (8192K)
 Metaspace       used 84712K, committed 86720K, reserved 1179648K
  class space    used 11876K, committed 12864K, reserved 1048576K
}
Event: 9.363 GC heap after
{Heap after GC invocations=21 (full 0):
 garbage-first heap   total 175104K, used 93753K [0x0000000080000000, 0x0000000100000000)
  region size 1024K, 6 young (6144K), 6 survivors (6144K)
 Metaspace       used 84712K, committed 86720K, reserved 1179648K
  class space    used 11876K, committed 12864K, reserved 1048576K
}
Event: 10.072 GC heap before
{Heap before GC invocations=22 (full 0):
 garbage-first heap   total 175104K, used 158265K [0x0000000080000000, 0x0000000100000000)
  region size 1024K, 69 young (70656K), 6 survivors (6144K)
 Metaspace       used 89609K, committed 91776K, reserved 1179648K
  class space    used 12595K, committed 13696K, reserved 1048576K
}
Event: 10.077 GC heap after
{Heap after GC invocations=23 (full 0):
 garbage-first heap   total 175104K, used 97368K [0x0000000080000000, 0x0000000100000000)
  region size 1024K, 7 young (7168K), 7 survivors (7168K)
 Metaspace       used 89609K, committed 91776K, reserved 1179648K
  class space    used 12595K, committed 13696K, reserved 1048576K
}
Event: 10.679 GC heap before
{Heap before GC invocations=23 (full 0):
 garbage-first heap   total 175104K, used 155736K [0x0000000080000000, 0x0000000100000000)
  region size 1024K, 65 young (66560K), 7 survivors (7168K)
 Metaspace       used 94081K, committed 96256K, reserved 1179648K
  class space    used 13149K, committed 14208K, reserved 1048576K
}
Event: 10.689 GC heap after
{Heap after GC invocations=24 (full 0):
 garbage-first heap   total 175104K, used 101073K [0x0000000080000000, 0x0000000100000000)
  region size 1024K, 9 young (9216K), 9 survivors (9216K)
 Metaspace       used 94081K, committed 96256K, reserved 1179648K
  class space    used 13149K, committed 14208K, reserved 1048576K
}
Event: 10.832 GC heap before
{Heap before GC invocations=24 (full 0):
 garbage-first heap   total 175104K, used 113361K [0x0000000080000000, 0x0000000100000000)
  region size 1024K, 22 young (22528K), 9 survivors (9216K)
 Metaspace       used 94991K, committed 97088K, reserved 1179648K
  class space    used 13226K, committed 14272K, reserved 1048576K
}
Event: 10.839 GC heap after
{Heap after GC invocations=25 (full 0):
 garbage-first heap   total 175104K, used 104912K [0x0000000080000000, 0x0000000100000000)
  region size 1024K, 4 young (4096K), 4 survivors (4096K)
 Metaspace       used 94991K, committed 97088K, reserved 1179648K
  class space    used 13226K, committed 14272K, reserved 1048576K
}
Event: 11.321 GC heap before
{Heap before GC invocations=26 (full 0):
 garbage-first heap   total 188416K, used 165328K [0x0000000080000000, 0x0000000100000000)
  region size 1024K, 58 young (59392K), 4 survivors (4096K)
 Metaspace       used 97817K, committed 99968K, reserved 1179648K
  class space    used 13607K, committed 14656K, reserved 1048576K
}
Event: 11.326 GC heap after
{Heap after GC invocations=27 (full 0):
 garbage-first heap   total 188416K, used 109942K [0x0000000080000000, 0x0000000100000000)
  region size 1024K, 8 young (8192K), 8 survivors (8192K)
 Metaspace       used 97817K, committed 99968K, reserved 1179648K
  class space    used 13607K, committed 14656K, reserved 1048576K
}
Event: 11.992 GC heap before
{Heap before GC invocations=27 (full 0):
 garbage-first heap   total 188416K, used 170358K [0x0000000080000000, 0x0000000100000000)
  region size 1024K, 66 young (67584K), 8 survivors (8192K)
 Metaspace       used 100276K, committed 102528K, reserved 1179648K
  class space    used 13917K, committed 15040K, reserved 1048576K
}
Event: 12.005 GC heap after
{Heap after GC invocations=28 (full 0):
 garbage-first heap   total 196608K, used 124546K [0x0000000080000000, 0x0000000100000000)
  region size 1024K, 9 young (9216K), 9 survivors (9216K)
 Metaspace       used 100276K, committed 102528K, reserved 1179648K
  class space    used 13917K, committed 15040K, reserved 1048576K
}

Dll operation events (15 events):
Event: 0.007 Loaded shared library C:\Program Files\Java\jdk-21\bin\java.dll
Event: 0.033 Loaded shared library C:\Program Files\Java\jdk-21\bin\jsvml.dll
Event: 0.063 Loaded shared library C:\Program Files\Java\jdk-21\bin\zip.dll
Event: 0.066 Loaded shared library C:\Program Files\Java\jdk-21\bin\instrument.dll
Event: 0.069 Loaded shared library C:\Program Files\Java\jdk-21\bin\net.dll
Event: 0.070 Loaded shared library C:\Program Files\Java\jdk-21\bin\nio.dll
Event: 0.074 Loaded shared library C:\Program Files\Java\jdk-21\bin\zip.dll
Event: 0.250 Loaded shared library C:\Program Files\Java\jdk-21\bin\jimage.dll
Event: 0.302 Loaded shared library C:\Program Files\Java\jdk-21\bin\verify.dll
Event: 0.421 Loaded shared library C:\Users\nadun\.gradle\native\c067742578af261105cb4f569cf0c3c89f3d7b1fecec35dd04571415982c5e48\windows-amd64\native-platform.dll
Event: 0.425 Loaded shared library C:\Users\nadun\.gradle\native\38dada09dfb8b06ba9b0570ebf7e218e3eb74d4ef43ca46872605cf95ebc2f47\windows-amd64\native-platform-file-events.dll
Event: 1.113 Loaded shared library C:\Program Files\Java\jdk-21\bin\management.dll
Event: 1.115 Loaded shared library C:\Program Files\Java\jdk-21\bin\management_ext.dll
Event: 1.244 Loaded shared library C:\Program Files\Java\jdk-21\bin\extnet.dll
Event: 1.325 Loaded shared library C:\Program Files\Java\jdk-21\bin\sunmscapi.dll

Deoptimization events (20 events):
Event: 11.803 Thread 0x000002250d8090e0 Uncommon trap: trap_request=0xffffffde fr.pc=0x00000224b344c9a8 relative=0x00000000000000e8
Event: 11.803 Thread 0x000002250d8090e0 Uncommon trap: reason=class_check action=maybe_recompile pc=0x00000224b344c9a8 method=com.sun.org.apache.xerces.internal.impl.XMLDocumentScannerImpl.next()I @ 4 c2
Event: 11.803 Thread 0x000002250d8090e0 DEOPT PACKING pc=0x00000224b344c9a8 sp=0x0000004729cfaaf0
Event: 11.803 Thread 0x000002250d8090e0 DEOPT UNPACKING pc=0x00000224b27046a2 sp=0x0000004729cfaa30 mode 2
Event: 11.917 Thread 0x000002250d8090e0 Uncommon trap: trap_request=0xffffff45 fr.pc=0x00000224b31d0fc4 relative=0x0000000000000564
Event: 11.917 Thread 0x000002250d8090e0 Uncommon trap: reason=unstable_if action=reinterpret pc=0x00000224b31d0fc4 method=sun.invoke.util.VerifyAccess.isTypeVisible(Ljava/lang/Class;Ljava/lang/Class;)Z @ 77 c2
Event: 11.917 Thread 0x000002250d8090e0 DEOPT PACKING pc=0x00000224b31d0fc4 sp=0x0000004729cf97c0
Event: 11.917 Thread 0x000002250d8090e0 DEOPT UNPACKING pc=0x00000224b27046a2 sp=0x0000004729cf9600 mode 2
Event: 11.962 Thread 0x000002250d8090e0 Uncommon trap: trap_request=0xffffff45 fr.pc=0x00000224b3457150 relative=0x00000000000000b0
Event: 11.962 Thread 0x000002250d8090e0 Uncommon trap: reason=unstable_if action=reinterpret pc=0x00000224b3457150 method=com.sun.org.apache.xerces.internal.dom.DeferredDocumentImpl.clearChunkIndex([[III)I @ 47 c2
Event: 11.962 Thread 0x000002250d8090e0 DEOPT PACKING pc=0x00000224b3457150 sp=0x0000004729cfa880
Event: 11.962 Thread 0x000002250d8090e0 DEOPT UNPACKING pc=0x00000224b27046a2 sp=0x0000004729cfa808 mode 2
Event: 11.978 Thread 0x000002250d8090e0 Uncommon trap: trap_request=0xffffff45 fr.pc=0x00000224b3483714 relative=0x00000000000000d4
Event: 11.978 Thread 0x000002250d8090e0 Uncommon trap: reason=unstable_if action=reinterpret pc=0x00000224b3483714 method=com.sun.org.apache.xerces.internal.dom.DeferredDocumentImpl.clearChunkIndex([[III)I @ 47 c2
Event: 11.978 Thread 0x000002250d8090e0 DEOPT PACKING pc=0x00000224b3483714 sp=0x0000004729cfa7b0
Event: 11.978 Thread 0x000002250d8090e0 DEOPT UNPACKING pc=0x00000224b27046a2 sp=0x0000004729cfa6a8 mode 2
Event: 11.980 Thread 0x000002250d8090e0 Uncommon trap: trap_request=0xffffff45 fr.pc=0x00000224b3484e6c relative=0x000000000000030c
Event: 11.980 Thread 0x000002250d8090e0 Uncommon trap: reason=unstable_if action=reinterpret pc=0x00000224b3484e6c method=com.sun.org.apache.xerces.internal.dom.DeferredDocumentImpl.getChunkIndex([[III)I @ 3 c2
Event: 11.981 Thread 0x000002250d8090e0 DEOPT PACKING pc=0x00000224b3484e6c sp=0x0000004729cfa6e0
Event: 11.981 Thread 0x000002250d8090e0 DEOPT UNPACKING pc=0x00000224b27046a2 sp=0x0000004729cfa5e8 mode 2

Classes loaded (20 events):
Event: 11.813 Loading class com/sun/org/apache/xerces/internal/dom/AttrNSImpl done
Event: 11.813 Loading class com/sun/org/apache/xerces/internal/dom/DeferredAttrNSImpl done
Event: 11.930 Loading class com/sun/org/apache/xerces/internal/dom/DeferredTextImpl
Event: 11.931 Loading class com/sun/org/apache/xerces/internal/dom/TextImpl
Event: 11.931 Loading class org/w3c/dom/CharacterData
Event: 11.931 Loading class org/w3c/dom/CharacterData done
Event: 11.931 Loading class org/w3c/dom/Text
Event: 11.931 Loading class org/w3c/dom/Text done
Event: 11.931 Loading class com/sun/org/apache/xerces/internal/dom/CharacterDataImpl
Event: 11.931 Loading class com/sun/org/apache/xerces/internal/dom/CharacterDataImpl done
Event: 11.931 Loading class com/sun/org/apache/xerces/internal/dom/TextImpl done
Event: 11.931 Loading class com/sun/org/apache/xerces/internal/dom/DeferredTextImpl done
Event: 11.931 Loading class com/sun/org/apache/xerces/internal/dom/CharacterDataImpl$1
Event: 11.931 Loading class com/sun/org/apache/xerces/internal/dom/CharacterDataImpl$1 done
Event: 12.026 Loading class java/util/stream/Nodes$IntFixedNodeBuilder
Event: 12.026 Loading class java/util/stream/Node$Builder$OfInt
Event: 12.027 Loading class java/util/stream/Node$Builder$OfInt done
Event: 12.027 Loading class java/util/stream/Nodes$IntArrayNode
Event: 12.027 Loading class java/util/stream/Nodes$IntArrayNode done
Event: 12.027 Loading class java/util/stream/Nodes$IntFixedNodeBuilder done

Classes unloaded (0 events):
No events

Classes redefined (0 events):
No events

Internal exceptions (20 events):
Event: 11.002 Thread 0x000002250d8090e0 Exception <a 'sun/nio/fs/WindowsException'{0x0000000089b44470}> (0x0000000089b44470) 
thrown [s\open\src\hotspot\share\prims\jni.cpp, line 520]
Event: 11.028 Thread 0x0000022507b79d20 Exception <a 'java/lang/NoSuchMethodError'{0x00000000899a7e58}: static Lorg/gradle/internal/build/event/types/DefaultTaskSkippedResult;.<clinit>()V> (0x00000000899a7e58) 
thrown [s\open\src\hotspot\share\prims\jni.cpp, line 1106]
Event: 11.043 Thread 0x000002250d8090e0 Exception <a 'java/lang/IncompatibleClassChangeError'{0x0000000089813af8}: Found class java.lang.Object, but interface was expected> (0x0000000089813af8) 
thrown [s\open\src\hotspot\share\interpreter\linkResolver.cpp, line 840]
Event: 11.245 Thread 0x0000022509cc3980 Exception <a 'java/lang/NoSuchMethodError'{0x0000000088ffbe48}: 'java.lang.Object java.lang.invoke.DirectMethodHandle$Holder.invokeSpecialIFC(java.lang.Object, java.lang.Object, java.lang.Object)'> (0x0000000088ffbe48) 
thrown [s\open\src\hotspot\share\interpreter\linkResolver.cpp, line 773]
Event: 11.245 Thread 0x0000022509cc4010 Exception <a 'java/lang/NoSuchMethodError'{0x0000000088e4f1b0}: 'java.lang.Object java.lang.invoke.DirectMethodHandle$Holder.invokeSpecialIFC(java.lang.Object, java.lang.Object, java.lang.Object)'> (0x0000000088e4f1b0) 
thrown [s\open\src\hotspot\share\interpreter\linkResolver.cpp, line 773]
Event: 11.245 Thread 0x0000022509cc6770 Exception <a 'java/lang/NoSuchMethodError'{0x0000000088fd9c40}: 'java.lang.Object java.lang.invoke.DirectMethodHandle$Holder.invokeSpecialIFC(java.lang.Object, java.lang.Object, java.lang.Object)'> (0x0000000088fd9c40) 
thrown [s\open\src\hotspot\share\interpreter\linkResolver.cpp, line 773]
Event: 11.245 Thread 0x000002250bf6f110 Exception <a 'java/lang/NoSuchMethodError'{0x0000000088eb6618}: 'java.lang.Object java.lang.invoke.DirectMethodHandle$Holder.invokeSpecialIFC(java.lang.Object, java.lang.Object, java.lang.Object)'> (0x0000000088eb6618) 
thrown [s\open\src\hotspot\share\interpreter\linkResolver.cpp, line 773]
Event: 11.245 Thread 0x0000022509cc46a0 Exception <a 'java/lang/NoSuchMethodError'{0x0000000088e09eb0}: 'java.lang.Object java.lang.invoke.DirectMethodHandle$Holder.invokeSpecialIFC(java.lang.Object, java.lang.Object, java.lang.Object)'> (0x0000000088e09eb0) 
thrown [s\open\src\hotspot\share\interpreter\linkResolver.cpp, line 773]
Event: 11.245 Thread 0x0000022509cc4d30 Exception <a 'java/lang/NoSuchMethodError'{0x0000000088e2c5a0}: 'java.lang.Object java.lang.invoke.DirectMethodHandle$Holder.invokeSpecialIFC(java.lang.Object, java.lang.Object, java.lang.Object)'> (0x0000000088e2c5a0) 
thrown [s\open\src\hotspot\share\interpreter\linkResolver.cpp, line 773]
Event: 11.246 Thread 0x000002250bf704c0 Exception <a 'java/lang/NoSuchMethodError'{0x0000000088d0f150}: 'java.lang.Object java.lang.invoke.DirectMethodHandle$Holder.invokeSpecialIFC(java.lang.Object, java.lang.Object, java.lang.Object)'> (0x0000000088d0f150) 
thrown [s\open\src\hotspot\share\interpreter\linkResolver.cpp, line 773]
Event: 11.246 Thread 0x000002250bf6d6d0 Exception <a 'java/lang/NoSuchMethodError'{0x0000000088ed7b38}: 'java.lang.Object java.lang.invoke.DirectMethodHandle$Holder.invokeSpecialIFC(java.lang.Object, java.lang.Object, java.lang.Object)'> (0x0000000088ed7b38) 
thrown [s\open\src\hotspot\share\interpreter\linkResolver.cpp, line 773]
Event: 11.246 Thread 0x000002250bf6d040 Exception <a 'java/lang/NoSuchMethodError'{0x0000000088e93be0}: 'java.lang.Object java.lang.invoke.DirectMethodHandle$Holder.invokeSpecialIFC(java.lang.Object, java.lang.Object, java.lang.Object)'> (0x0000000088e93be0) 
thrown [s\open\src\hotspot\share\interpreter\linkResolver.cpp, line 773]
Event: 11.246 Thread 0x000002250d8090e0 Exception <a 'java/lang/NoSuchMethodError'{0x0000000088dd1588}: 'java.lang.Object java.lang.invoke.DirectMethodHandle$Holder.invokeSpecialIFC(java.lang.Object, java.lang.Object, java.lang.Object)'> (0x0000000088dd1588) 
thrown [s\open\src\hotspot\share\interpreter\linkResolver.cpp, line 773]
Event: 11.246 Thread 0x0000022509cc53c0 Exception <a 'java/lang/NoSuchMethodError'{0x0000000088e714d0}: 'java.lang.Object java.lang.invoke.DirectMethodHandle$Holder.invokeSpecialIFC(java.lang.Object, java.lang.Object, java.lang.Object)'> (0x0000000088e714d0) 
thrown [s\open\src\hotspot\share\interpreter\linkResolver.cpp, line 773]
Event: 11.246 Thread 0x000002250bf71f00 Exception <a 'java/lang/NoSuchMethodError'{0x0000000088d5c258}: 'java.lang.Object java.lang.invoke.DirectMethodHandle$Holder.invokeSpecialIFC(java.lang.Object, java.lang.Object, java.lang.Object)'> (0x0000000088d5c258) 
thrown [s\open\src\hotspot\share\interpreter\linkResolver.cpp, line 773]
Event: 11.246 Thread 0x000002250bf6e3f0 Exception <a 'java/lang/NoSuchMethodError'{0x000000008880b810}: 'java.lang.Object java.lang.invoke.DirectMethodHandle$Holder.invokeSpecialIFC(java.lang.Object, java.lang.Object, java.lang.Object)'> (0x000000008880b810) 
thrown [s\open\src\hotspot\share\interpreter\linkResolver.cpp, line 773]
Event: 11.486 Thread 0x000002250d8090e0 Exception <a 'java/lang/NoSuchMethodError'{0x0000000089043bd8}: 'int java.lang.invoke.DirectMethodHandle$Holder.invokeStaticInit(java.lang.Object, java.lang.Object, java.lang.Object, java.lang.Object, java.lang.Object)'> (0x0000000089043bd8) 
thrown [s\open\src\hotspot\share\interpreter\linkResolver.cpp, line 773]
Event: 11.552 Thread 0x000002250d8090e0 Exception <a 'sun/nio/fs/WindowsException'{0x0000000088efd740}> (0x0000000088efd740) 
thrown [s\open\src\hotspot\share\prims\jni.cpp, line 520]
Event: 11.553 Thread 0x000002250d8090e0 Exception <a 'sun/nio/fs/WindowsException'{0x0000000088d0cb28}> (0x0000000088d0cb28) 
thrown [s\open\src\hotspot\share\prims\jni.cpp, line 520]
Event: 11.980 Thread 0x000002250d8090e0 Implicit null exception at 0x00000224b3484bc9 to 0x00000224b3484e50

ZGC Phase Switch (0 events):
No events

VM Operations (20 events):
Event: 11.505 Executing VM operation: HandshakeAllThreads (Deoptimize)
Event: 11.505 Executing VM operation: HandshakeAllThreads (Deoptimize) done
Event: 11.509 Executing VM operation: ICBufferFull
Event: 11.509 Executing VM operation: ICBufferFull done
Event: 11.519 Executing VM operation: HandshakeAllThreads (Deoptimize)
Event: 11.519 Executing VM operation: HandshakeAllThreads (Deoptimize) done
Event: 11.569 Executing VM operation: HandshakeAllThreads (Deoptimize)
Event: 11.570 Executing VM operation: HandshakeAllThreads (Deoptimize) done
Event: 11.571 Executing VM operation: HandshakeAllThreads (Deoptimize)
Event: 11.571 Executing VM operation: HandshakeAllThreads (Deoptimize) done
Event: 11.629 Executing VM operation: ICBufferFull
Event: 11.629 Executing VM operation: ICBufferFull done
Event: 11.806 Executing VM operation: HandshakeAllThreads (Deoptimize)
Event: 11.807 Executing VM operation: HandshakeAllThreads (Deoptimize) done
Event: 11.809 Executing VM operation: HandshakeAllThreads (Deoptimize)
Event: 11.809 Executing VM operation: HandshakeAllThreads (Deoptimize) done
Event: 11.991 Executing VM operation: G1CollectForAllocation (G1 Evacuation Pause)
Event: 12.006 Executing VM operation: G1CollectForAllocation (G1 Evacuation Pause) done
Event: 12.032 Executing VM operation: HandshakeAllThreads (Deoptimize)
Event: 12.032 Executing VM operation: HandshakeAllThreads (Deoptimize) done

Events (20 events):
Event: 11.424 Thread 0x000002250bf73fd0 Thread added: 0x000002250bf73fd0
Event: 11.429 Thread 0x000002250bf6dd60 Thread added: 0x000002250bf6dd60
Event: 11.431 Thread 0x000002250bf6f7a0 Thread added: 0x000002250bf6f7a0
Event: 11.620 Thread 0x000002250bf72c20 Thread added: 0x000002250bf72c20
Event: 11.621 Thread 0x000002250bf732b0 Thread added: 0x000002250bf732b0
Event: 11.622 Thread 0x000002250648ec50 Thread added: 0x000002250648ec50
Event: 11.622 Thread 0x000002250648b140 Thread added: 0x000002250648b140
Event: 11.623 Thread 0x00000225064889e0 Thread added: 0x00000225064889e0
Event: 11.624 Thread 0x0000022506489d90 Thread added: 0x0000022506489d90
Event: 11.625 Thread 0x000002250648a420 Thread added: 0x000002250648a420
Event: 11.627 Thread 0x000002250d8076a0 Thread added: 0x000002250d8076a0
Event: 11.628 Thread 0x000002250d809770 Thread added: 0x000002250d809770
Event: 11.630 Thread 0x000002250d8062f0 Thread added: 0x000002250d8062f0
Event: 11.631 Thread 0x000002250d806980 Thread added: 0x000002250d806980
Event: 11.632 Thread 0x0000022507b79690 Thread added: 0x0000022507b79690
Event: 11.634 Thread 0x000002250c860460 Thread added: 0x000002250c860460
Event: 11.635 Thread 0x000002250af77750 Thread added: 0x000002250af77750
Event: 11.636 Thread 0x000002250af76a30 Thread added: 0x000002250af76a30
Event: 11.738 Thread 0x00000224c0513ab0 Thread added: 0x00000224c0513ab0
Event: 11.740 Thread 0x00000224c0514180 Thread added: 0x00000224c0514180


Dynamic libraries:
0x00007ff79cf10000 - 0x00007ff79cf20000 	C:\Program Files\Java\jdk-21\bin\java.exe
0x00007ffa5cb70000 - 0x00007ffa5cd87000 	C:\WINDOWS\SYSTEM32\ntdll.dll
0x00007ffa5af20000 - 0x00007ffa5afe4000 	C:\WINDOWS\System32\KERNEL32.DLL
0x00007ffa59fe0000 - 0x00007ffa5a38d000 	C:\WINDOWS\System32\KERNELBASE.dll
0x00007ffa59ec0000 - 0x00007ffa59fd1000 	C:\WINDOWS\System32\ucrtbase.dll
0x00007ffa4ee00000 - 0x00007ffa4ee1b000 	C:\Program Files\Java\jdk-21\bin\VCRUNTIME140.dll
0x00007ffa4ede0000 - 0x00007ffa4edf9000 	C:\Program Files\Java\jdk-21\bin\jli.dll
0x00007ffa5c560000 - 0x00007ffa5c612000 	C:\WINDOWS\System32\ADVAPI32.dll
0x00007ffa5a8d0000 - 0x00007ffa5a977000 	C:\WINDOWS\System32\msvcrt.dll
0x00007ffa5ade0000 - 0x00007ffa5ae89000 	C:\WINDOWS\System32\sechost.dll
0x00007ffa59e90000 - 0x00007ffa59eb8000 	C:\WINDOWS\System32\bcrypt.dll
0x00007ffa5c960000 - 0x00007ffa5ca74000 	C:\WINDOWS\System32\RPCRT4.dll
0x00007ffa5c1d0000 - 0x00007ffa5c37e000 	C:\WINDOWS\System32\USER32.dll
0x00007ffa5a400000 - 0x00007ffa5a426000 	C:\WINDOWS\System32\win32u.dll
0x00007ffa480b0000 - 0x00007ffa48343000 	C:\WINDOWS\WinSxS\amd64_microsoft.windows.common-controls_6595b64144ccf1df_6.0.22621.3672_none_2713b9d173822955\COMCTL32.dll
0x00007ffa5a8a0000 - 0x00007ffa5a8c9000 	C:\WINDOWS\System32\GDI32.dll
0x00007ffa5a570000 - 0x00007ffa5a689000 	C:\WINDOWS\System32\gdi32full.dll
0x00007ffa5a800000 - 0x00007ffa5a89a000 	C:\WINDOWS\System32\msvcp_win.dll
0x00007ffa55100000 - 0x00007ffa5510a000 	C:\WINDOWS\SYSTEM32\VERSION.dll
0x00007ffa5b7f0000 - 0x00007ffa5b821000 	C:\WINDOWS\System32\IMM32.DLL
0x00007ffa54100000 - 0x00007ffa5410c000 	C:\Program Files\Java\jdk-21\bin\vcruntime140_1.dll
0x00007ffa46510000 - 0x00007ffa4659e000 	C:\Program Files\Java\jdk-21\bin\msvcp140.dll
0x00007ffa0dd50000 - 0x00007ffa0ea67000 	C:\Program Files\Java\jdk-21\bin\server\jvm.dll
0x00007ffa5cab0000 - 0x00007ffa5cb21000 	C:\WINDOWS\System32\WS2_32.dll
0x00007ffa58d10000 - 0x00007ffa58d5d000 	C:\WINDOWS\SYSTEM32\POWRPROF.dll
0x00007ffa548b0000 - 0x00007ffa548e4000 	C:\WINDOWS\SYSTEM32\WINMM.dll
0x00007ffa58cf0000 - 0x00007ffa58d03000 	C:\WINDOWS\SYSTEM32\UMPDC.dll
0x00007ffa58fa0000 - 0x00007ffa58fb8000 	C:\WINDOWS\SYSTEM32\kernel.appcore.dll
0x00007ffa4ed40000 - 0x00007ffa4ed4a000 	C:\Program Files\Java\jdk-21\bin\jimage.dll
0x00007ffa50980000 - 0x00007ffa50bb2000 	C:\WINDOWS\SYSTEM32\DBGHELP.DLL
0x00007ffa5a980000 - 0x00007ffa5ad0e000 	C:\WINDOWS\System32\combase.dll
0x00007ffa5c880000 - 0x00007ffa5c957000 	C:\WINDOWS\System32\OLEAUT32.dll
0x00007ffa4cf90000 - 0x00007ffa4cfc2000 	C:\WINDOWS\SYSTEM32\dbgcore.DLL
0x00007ffa5a4f0000 - 0x00007ffa5a56b000 	C:\WINDOWS\System32\bcryptPrimitives.dll
0x00007ffa4ed30000 - 0x00007ffa4ed3f000 	C:\Program Files\Java\jdk-21\bin\instrument.dll
0x00007ffa4ed10000 - 0x00007ffa4ed2f000 	C:\Program Files\Java\jdk-21\bin\java.dll
0x00007ffa5b900000 - 0x00007ffa5c167000 	C:\WINDOWS\System32\SHELL32.dll
0x00007ffa57dd0000 - 0x00007ffa586cf000 	C:\WINDOWS\SYSTEM32\windows.storage.dll
0x00007ffa57c90000 - 0x00007ffa57dcf000 	C:\WINDOWS\SYSTEM32\wintypes.dll
0x00007ffa5c620000 - 0x00007ffa5c719000 	C:\WINDOWS\System32\SHCORE.dll
0x00007ffa5c170000 - 0x00007ffa5c1ce000 	C:\WINDOWS\System32\shlwapi.dll
0x00007ffa59dc0000 - 0x00007ffa59de7000 	C:\WINDOWS\SYSTEM32\profapi.dll
0x00007ffa1c1c0000 - 0x00007ffa1c297000 	C:\Program Files\Java\jdk-21\bin\jsvml.dll
0x00007ffa4ecf0000 - 0x00007ffa4ed08000 	C:\Program Files\Java\jdk-21\bin\zip.dll
0x00007ffa4ece0000 - 0x00007ffa4ecf0000 	C:\Program Files\Java\jdk-21\bin\net.dll
0x00007ffa55a50000 - 0x00007ffa55b86000 	C:\WINDOWS\SYSTEM32\WINHTTP.dll
0x00007ffa59440000 - 0x00007ffa594a9000 	C:\WINDOWS\system32\mswsock.dll
0x00007ffa487b0000 - 0x00007ffa487c6000 	C:\Program Files\Java\jdk-21\bin\nio.dll
0x00007ffa4ecd0000 - 0x00007ffa4ece0000 	C:\Program Files\Java\jdk-21\bin\verify.dll
0x00007ffa54110000 - 0x00007ffa54137000 	C:\Users\nadun\.gradle\native\c067742578af261105cb4f569cf0c3c89f3d7b1fecec35dd04571415982c5e48\windows-amd64\native-platform.dll
0x00007ffa17770000 - 0x00007ffa178b4000 	C:\Users\nadun\.gradle\native\38dada09dfb8b06ba9b0570ebf7e218e3eb74d4ef43ca46872605cf95ebc2f47\windows-amd64\native-platform-file-events.dll
0x00007ffa487f0000 - 0x00007ffa487fa000 	C:\Program Files\Java\jdk-21\bin\management.dll
0x00007ffa486d0000 - 0x00007ffa486db000 	C:\Program Files\Java\jdk-21\bin\management_ext.dll
0x00007ffa5b470000 - 0x00007ffa5b478000 	C:\WINDOWS\System32\PSAPI.DLL
0x00007ffa59690000 - 0x00007ffa596ab000 	C:\WINDOWS\SYSTEM32\CRYPTSP.dll
0x00007ffa58f00000 - 0x00007ffa58f35000 	C:\WINDOWS\system32\rsaenh.dll
0x00007ffa59530000 - 0x00007ffa59558000 	C:\WINDOWS\SYSTEM32\USERENV.dll
0x00007ffa596b0000 - 0x00007ffa596bc000 	C:\WINDOWS\SYSTEM32\CRYPTBASE.dll
0x00007ffa58920000 - 0x00007ffa5894d000 	C:\WINDOWS\SYSTEM32\IPHLPAPI.DLL
0x00007ffa5b830000 - 0x00007ffa5b839000 	C:\WINDOWS\System32\NSI.dll
0x00007ffa48610000 - 0x00007ffa48619000 	C:\Program Files\Java\jdk-21\bin\extnet.dll
0x00007ffa47e80000 - 0x00007ffa47e8e000 	C:\Program Files\Java\jdk-21\bin\sunmscapi.dll
0x00007ffa5a690000 - 0x00007ffa5a7f6000 	C:\WINDOWS\System32\CRYPT32.dll
0x00007ffa59830000 - 0x00007ffa5985e000 	C:\WINDOWS\SYSTEM32\ncrypt.dll
0x00007ffa597f0000 - 0x00007ffa59827000 	C:\WINDOWS\SYSTEM32\NTASN1.dll
0x00007ffa47b00000 - 0x00007ffa47b08000 	C:\WINDOWS\system32\wshunix.dll
0x00007ffa41730000 - 0x00007ffa41747000 	C:\WINDOWS\system32\napinsp.dll
0x00007ffa2ee50000 - 0x00007ffa2ee6b000 	C:\WINDOWS\system32\pnrpnsp.dll
0x00007ffa58950000 - 0x00007ffa58a48000 	C:\WINDOWS\SYSTEM32\DNSAPI.dll
0x00007ffa2ee30000 - 0x00007ffa2ee41000 	C:\WINDOWS\System32\winrnr.dll
0x00007ffa53ae0000 - 0x00007ffa53af5000 	C:\WINDOWS\system32\wshbth.dll
0x00007ffa2ee00000 - 0x00007ffa2ee27000 	C:\WINDOWS\system32\nlansp_c.dll
0x00007ffa550f0000 - 0x00007ffa550fa000 	C:\Windows\System32\rasadhlp.dll
0x00007ffa54dd0000 - 0x00007ffa54e53000 	C:\WINDOWS\System32\fwpuclnt.dll

dbghelp: loaded successfully - version: 4.0.5 - missing functions: none
symbol engine: initialized successfully - sym options: 0x614 - pdb path: .;C:\Program Files\Java\jdk-21\bin;C:\WINDOWS\SYSTEM32;C:\WINDOWS\WinSxS\amd64_microsoft.windows.common-controls_6595b64144ccf1df_6.0.22621.3672_none_2713b9d173822955;C:\Program Files\Java\jdk-21\bin\server;C:\Users\nadun\.gradle\native\c067742578af261105cb4f569cf0c3c89f3d7b1fecec35dd04571415982c5e48\windows-amd64;C:\Users\nadun\.gradle\native\38dada09dfb8b06ba9b0570ebf7e218e3eb74d4ef43ca46872605cf95ebc2f47\windows-amd64

VM Arguments:
jvm_args: --add-opens=java.base/java.util=ALL-UNNAMED --add-opens=java.base/java.lang=ALL-UNNAMED --add-opens=java.base/java.lang.invoke=ALL-UNNAMED --add-opens=java.prefs/java.util.prefs=ALL-UNNAMED --add-opens=java.base/java.nio.charset=ALL-UNNAMED --add-opens=java.base/java.net=ALL-UNNAMED --add-opens=java.base/java.util.concurrent.atomic=ALL-UNNAMED -Xmx2048m -Dfile.encoding=UTF-8 -Duser.country=US -Duser.language=en -Duser.variant -javaagent:C:\Users\nadun\.gradle\wrapper\dists\gradle-8.7-bin\bhs2wmbdwecv87pi65oeuq5iu\gradle-8.7\lib\agents\gradle-instrumentation-agent-8.7.jar 
java_command: org.gradle.launcher.daemon.bootstrap.GradleDaemon 8.7
java_class_path (initial): C:\Users\nadun\.gradle\wrapper\dists\gradle-8.7-bin\bhs2wmbdwecv87pi65oeuq5iu\gradle-8.7\lib\gradle-launcher-8.7.jar
Launcher Type: SUN_STANDARD

[Global flags]
     intx CICompilerCount                          = 12                                        {product} {ergonomic}
     uint ConcGCThreads                            = 3                                         {product} {ergonomic}
     uint G1ConcRefinementThreads                  = 13                                        {product} {ergonomic}
   size_t G1HeapRegionSize                         = 1048576                                   {product} {ergonomic}
    uintx GCDrainStackTargetSize                   = 64                                        {product} {ergonomic}
   size_t InitialHeapSize                          = 260046848                                 {product} {ergonomic}
   size_t MarkStackSize                            = 4194304                                   {product} {ergonomic}
   size_t MaxHeapSize                              = 2147483648                                {product} {command line}
   size_t MaxNewSize                               = 1287651328                                {product} {ergonomic}
   size_t MinHeapDeltaBytes                        = 1048576                                   {product} {ergonomic}
   size_t MinHeapSize                              = 8388608                                   {product} {ergonomic}
    uintx NonNMethodCodeHeapSize                   = 7602480                                {pd product} {ergonomic}
    uintx NonProfiledCodeHeapSize                  = 122027880                              {pd product} {ergonomic}
    uintx ProfiledCodeHeapSize                     = 122027880                              {pd product} {ergonomic}
    uintx ReservedCodeCacheSize                    = 251658240                              {pd product} {ergonomic}
     bool SegmentedCodeCache                       = true                                      {product} {ergonomic}
   size_t SoftMaxHeapSize                          = 2147483648                             {manageable} {ergonomic}
     bool UseCompressedOops                        = true                           {product lp64_product} {ergonomic}
     bool UseG1GC                                  = true                                      {product} {ergonomic}
     bool UseLargePagesIndividualAllocation        = false                                  {pd product} {ergonomic}

Logging:
Log output configuration:
 #0: stdout all=warning uptime,level,tags foldmultilines=false
 #1: stderr all=off uptime,level,tags foldmultilines=false

Environment Variables:
PATH=C:\Program Files\Common Files\Oracle\Java\javapath;C:\Games\2\dbhomeXE\bin;C:\Games\1\dbhomeXE\bin;C:\oracle\dbhomeXE\bin;C:\app\nadun\product\21c\dbhomeXE\bin;C:\Program Files (x86)\Common Files\Oracle\Java\javapath;C:\Windows\system32;C:\Windows;C:\Windows\System32\Wbem;C:\Windows\System32\WindowsPowerShell\v1.0\;C:\Windows\System32\OpenSSH\;C:\Program Files (x86)\NVIDIA Corporation\PhysX\Common;C:\WINDOWS\system32;C:\WINDOWS;C:\WINDOWS\System32\Wbem;C:\WINDOWS\System32\WindowsPowerShell\v1.0\;C:\WINDOWS\System32\OpenSSH\;C:\Program Files\nodejs\;C:\ProgramData\chocolatey\bin;C:\Program Files\Git\cmd;C:\Program Files\dotnet\;C:\Program Files\Docker\Docker\resources\bin;C:\Program Files\NVIDIA Corporation\NVIDIA NvDLISR;C:\Program Files\Microsoft SQL Server\150\Tools\Binn\;C:\Program Files\Microsoft SQL Server\Client SDK\ODBC\170\Tools\Binn\;C:\Program Files\MySQL\MySQL Shell 8.0\bin\;C:\Users\nadun\AppData\Local\Programs\Python\Python311\Scripts\;C:\Users\nadun\AppData\Local\Programs\Python\Python311\;C:\Users\nadun\AppData\Local\Microsoft\WindowsApps;C:\Users\nadun\AppData\Local\Programs\Microsoft VS Code\bin;C:\Users\nadun\AppData\Roaming\npm;C:\Users\nadun\AppData\Local\GitHubDesktop\bin;C:\Users\nadun\.dotnet\tools
USERNAME=nadun
OS=Windows_NT
PROCESSOR_IDENTIFIER=AMD64 Family 23 Model 96 Stepping 1, AuthenticAMD
TMP=C:\Users\nadun\AppData\Local\Temp
TEMP=C:\Users\nadun\AppData\Local\Temp




Periodic native trim disabled

---------------  S Y S T E M  ---------------

OS:
 Windows 11 , 64 bit Build 22621 (10.0.22621.3958)
OS uptime: 4 days 11:42 hours
Hyper-V role detected

CPU: total 16 (initial active 16) (16 cores per cpu, 2 threads per core) family 23 model 96 stepping 1 microcode 0x0, cx8, cmov, fxsr, ht, mmx, 3dnowpref, sse, sse2, sse3, ssse3, sse4a, sse4.1, sse4.2, popcnt, lzcnt, tsc, tscinvbit, avx, avx2, aes, clmul, bmi1, bmi2, adx, sha, fma, vzeroupper, clflush, clflushopt, hv, rdtscp, rdpid, f16c
Processor Information for all 16 processors :
  Max Mhz: 2901, Current Mhz: 2901, Mhz Limit: 2901

Memory: 4k page, system-wide physical 15790M (4001M free)
TotalPageFile size 64942M (AvailPageFile size 4M)
current process WorkingSet (physical memory assigned to process): 505M, peak: 505M
current process commit charge ("private bytes"): 558M, peak: 559M

vm_info: Java HotSpot(TM) 64-Bit Server VM (21.0.2+13-LTS-58) for windows-amd64 JRE (21.0.2+13-LTS-58), built on 2024-01-05T18:32:24Z by "mach5one" with MS VC++ 17.1 (VS2022)

END.
